<?xml version="1.0" encoding="UTF-8"?>
<testsuite name="edu.coursera.parallel.ReciprocalArraySumTest" time="5.393" tests="4" errors="4" skipped="0" failures="0">
  <properties>
    <property name="idea.version" value="2017.2.2"/>
    <property name="java.runtime.name" value="Java(TM) SE Runtime Environment"/>
    <property name="sun.boot.library.path" value="/usr/lib/jvm/java-8-jdk/jre/lib/amd64"/>
    <property name="java.vm.version" value="25.131-b11"/>
    <property name="java.vm.vendor" value="Oracle Corporation"/>
    <property name="maven.multiModuleProjectDirectory" value="/mnt/windows/Projects/Coursera/miniproject_1"/>
    <property name="java.vendor.url" value="http://java.oracle.com/"/>
    <property name="path.separator" value=":"/>
    <property name="guice.disable.misplaced.annotation.check" value="true"/>
    <property name="java.vm.name" value="Java HotSpot(TM) 64-Bit Server VM"/>
    <property name="file.encoding.pkg" value="sun.io"/>
    <property name="user.country" value="US"/>
    <property name="sun.java.launcher" value="SUN_STANDARD"/>
    <property name="sun.os.patch.level" value="unknown"/>
    <property name="java.vm.specification.name" value="Java Virtual Machine Specification"/>
    <property name="user.dir" value="/mnt/windows/Projects/Coursera/miniproject_1"/>
    <property name="java.runtime.version" value="1.8.0_131-b11"/>
    <property name="java.awt.graphicsenv" value="sun.awt.X11GraphicsEnvironment"/>
    <property name="java.endorsed.dirs" value="/usr/lib/jvm/java-8-jdk/jre/lib/endorsed"/>
    <property name="os.arch" value="amd64"/>
    <property name="java.io.tmpdir" value="/tmp"/>
    <property name="line.separator" value="&#10;"/>
    <property name="java.vm.specification.vendor" value="Oracle Corporation"/>
    <property name="os.name" value="Linux"/>
    <property name="classworlds.conf" value="/home/bondarchuk/Programs/idea-IU-172.3757.29/plugins/maven/lib/maven3/bin/m2.conf"/>
    <property name="sun.jnu.encoding" value="UTF-8"/>
    <property name="java.library.path" value="/home/bondarchuk/Programs/idea-IU-172.3757.29/bin::/usr/java/packages/lib/amd64:/usr/lib64:/lib64:/lib:/usr/lib"/>
    <property name="java.specification.name" value="Java Platform API Specification"/>
    <property name="java.class.version" value="52.0"/>
    <property name="sun.management.compiler" value="HotSpot 64-Bit Tiered Compilers"/>
    <property name="os.version" value="4.9.44-1-MANJARO"/>
    <property name="user.home" value="/home/bondarchuk"/>
    <property name="user.timezone" value="Europe/Samara"/>
    <property name="java.awt.printerjob" value="sun.print.PSPrinterJob"/>
    <property name="java.specification.version" value="1.8"/>
    <property name="file.encoding" value="UTF-8"/>
    <property name="user.name" value="bondarchuk"/>
    <property name="java.class.path" value="/home/bondarchuk/Programs/idea-IU-172.3757.29/plugins/maven/lib/maven3/boot/plexus-classworlds-2.5.2.jar:/home/bondarchuk/Programs/idea-IU-172.3757.29/lib/idea_rt.jar"/>
    <property name="java.vm.specification.version" value="1.8"/>
    <property name="sun.arch.data.model" value="64"/>
    <property name="java.home" value="/usr/lib/jvm/java-8-jdk/jre"/>
    <property name="sun.java.command" value="org.codehaus.classworlds.Launcher -Didea.version=2017.2.2 test"/>
    <property name="java.specification.vendor" value="Oracle Corporation"/>
    <property name="user.language" value="en"/>
    <property name="awt.toolkit" value="sun.awt.X11.XToolkit"/>
    <property name="java.vm.info" value="mixed mode"/>
    <property name="java.version" value="1.8.0_131"/>
    <property name="java.ext.dirs" value="/usr/lib/jvm/java-8-jdk/jre/lib/ext:/usr/java/packages/lib/ext"/>
    <property name="securerandom.source" value="file:/dev/./urandom"/>
    <property name="sun.boot.class.path" value="/usr/lib/jvm/java-8-jdk/jre/lib/resources.jar:/usr/lib/jvm/java-8-jdk/jre/lib/rt.jar:/usr/lib/jvm/java-8-jdk/jre/lib/sunrsasign.jar:/usr/lib/jvm/java-8-jdk/jre/lib/jsse.jar:/usr/lib/jvm/java-8-jdk/jre/lib/jce.jar:/usr/lib/jvm/java-8-jdk/jre/lib/charsets.jar:/usr/lib/jvm/java-8-jdk/jre/lib/jfr.jar:/usr/lib/jvm/java-8-jdk/jre/classes"/>
    <property name="java.vendor" value="Oracle Corporation"/>
    <property name="maven.home" value="/home/bondarchuk/Programs/idea-IU-172.3757.29/plugins/maven/lib/maven3"/>
    <property name="file.separator" value="/"/>
    <property name="java.vendor.url.bug" value="http://bugreport.sun.com/bugreport/"/>
    <property name="sun.cpu.endian" value="little"/>
    <property name="sun.io.unicode.encoding" value="UnicodeLittle"/>
    <property name="sun.cpu.isalist" value=""/>
  </properties>
  <testcase name="testParSimpleOneMillion" classname="edu.coursera.parallel.ReciprocalArraySumTest" time="0.147">
    <error message="Could not initialize class java.util.concurrent.locks.AbstractQueuedSynchronizer$Node" type="java.lang.NoClassDefFoundError">java.lang.NoClassDefFoundError: Could not initialize class java.util.concurrent.locks.AbstractQueuedSynchronizer$Node
	at java.util.concurrent.locks.AbstractQueuedSynchronizer.acquire(AbstractQueuedSynchronizer.java:1198)
	at java.util.concurrent.locks.ReentrantLock$NonfairSync.lock(ReentrantLock.java:209)
	at java.util.concurrent.locks.ReentrantLock.lock(ReentrantLock.java:285)
	at java.util.concurrent.ForkJoinTask.recordExceptionalCompletion(ForkJoinTask.java:464)
	at java.util.concurrent.ForkJoinTask.setExceptionalCompletion(ForkJoinTask.java:491)
	at java.util.concurrent.ForkJoinTask.doExec(ForkJoinTask.java:291)
	at java.util.concurrent.ForkJoinTask.externalAwaitDone(ForkJoinTask.java:326)
	at java.util.concurrent.ForkJoinTask.doJoin(ForkJoinTask.java:391)
	at java.util.concurrent.ForkJoinTask.invokeAll(ForkJoinTask.java:761)
	at edu.coursera.parallel.ReciprocalArraySum$ReciprocalArraySumTask.compute(ReciprocalArraySum.java:141)
	at java.util.concurrent.RecursiveAction.exec(RecursiveAction.java:189)
	at java.util.concurrent.ForkJoinTask.doExec(ForkJoinTask.java:289)
	at java.util.concurrent.ForkJoinTask.externalAwaitDone(ForkJoinTask.java:326)
	at java.util.concurrent.ForkJoinTask.doJoin(ForkJoinTask.java:391)
	at java.util.concurrent.ForkJoinTask.invokeAll(ForkJoinTask.java:761)
	at edu.coursera.parallel.ReciprocalArraySum$ReciprocalArraySumTask.compute(ReciprocalArraySum.java:141)
	at java.util.concurrent.RecursiveAction.exec(RecursiveAction.java:189)
	at java.util.concurrent.ForkJoinTask.doExec(ForkJoinTask.java:289)
	at java.util.concurrent.ForkJoinTask.externalAwaitDone(ForkJoinTask.java:326)
	at java.util.concurrent.ForkJoinTask.doJoin(ForkJoinTask.java:391)
	at java.util.concurrent.ForkJoinTask.invokeAll(ForkJoinTask.java:761)
	at edu.coursera.parallel.ReciprocalArraySum$ReciprocalArraySumTask.compute(ReciprocalArraySum.java:141)
	at java.util.concurrent.RecursiveAction.exec(RecursiveAction.java:189)
	at java.util.concurrent.ForkJoinTask.doExec(ForkJoinTask.java:289)
	at java.util.concurrent.ForkJoinTask.externalAwaitDone(ForkJoinTask.java:326)
	at java.util.concurrent.ForkJoinTask.doJoin(ForkJoinTask.java:391)
	at java.util.concurrent.ForkJoinTask.invokeAll(ForkJoinTask.java:761)
	at edu.coursera.parallel.ReciprocalArraySum$ReciprocalArraySumTask.compute(ReciprocalArraySum.java:141)
	at java.util.concurrent.RecursiveAction.exec(RecursiveAction.java:189)
	at java.util.concurrent.ForkJoinTask.doExec(ForkJoinTask.java:289)
	at java.util.concurrent.ForkJoinTask.externalAwaitDone(ForkJoinTask.java:326)
	at java.util.concurrent.ForkJoinTask.doJoin(ForkJoinTask.java:391)
	at java.util.concurrent.ForkJoinTask.invokeAll(ForkJoinTask.java:761)
	at edu.coursera.parallel.ReciprocalArraySum$ReciprocalArraySumTask.compute(ReciprocalArraySum.java:141)
	at java.util.concurrent.RecursiveAction.exec(RecursiveAction.java:189)
	at java.util.concurrent.ForkJoinTask.doExec(ForkJoinTask.java:289)
	at java.util.concurrent.ForkJoinTask.externalAwaitDone(ForkJoinTask.java:326)
	at java.util.concurrent.ForkJoinTask.doJoin(ForkJoinTask.java:391)
	at java.util.concurrent.ForkJoinTask.invokeAll(ForkJoinTask.java:761)
	at edu.coursera.parallel.ReciprocalArraySum$ReciprocalArraySumTask.compute(ReciprocalArraySum.java:141)
	at java.util.concurrent.RecursiveAction.exec(RecursiveAction.java:189)
	at java.util.concurrent.ForkJoinTask.doExec(ForkJoinTask.java:289)
	at java.util.concurrent.ForkJoinTask.externalAwaitDone(ForkJoinTask.java:326)
	at java.util.concurrent.ForkJoinTask.doJoin(ForkJoinTask.java:391)
	at java.util.concurrent.ForkJoinTask.invokeAll(ForkJoinTask.java:761)
	at edu.coursera.parallel.ReciprocalArraySum$ReciprocalArraySumTask.compute(ReciprocalArraySum.java:141)
	at java.util.concurrent.RecursiveAction.exec(RecursiveAction.java:189)
	at java.util.concurrent.ForkJoinTask.doExec(ForkJoinTask.java:289)
	at java.util.concurrent.ForkJoinTask.externalAwaitDone(ForkJoinTask.java:326)
	at java.util.concurrent.ForkJoinTask.doJoin(ForkJoinTask.java:391)
	at java.util.concurrent.ForkJoinTask.invokeAll(ForkJoinTask.java:761)
	at edu.coursera.parallel.ReciprocalArraySum$ReciprocalArraySumTask.compute(ReciprocalArraySum.java:141)
	at java.util.concurrent.RecursiveAction.exec(RecursiveAction.java:189)
	at java.util.concurrent.ForkJoinTask.doExec(ForkJoinTask.java:289)
	at java.util.concurrent.ForkJoinTask.externalAwaitDone(ForkJoinTask.java:326)
	at java.util.concurrent.ForkJoinTask.doJoin(ForkJoinTask.java:391)
	at java.util.concurrent.ForkJoinTask.invokeAll(ForkJoinTask.java:761)
	at edu.coursera.parallel.ReciprocalArraySum$ReciprocalArraySumTask.compute(ReciprocalArraySum.java:141)
	at java.util.concurrent.RecursiveAction.exec(RecursiveAction.java:189)
	at java.util.concurrent.ForkJoinTask.doExec(ForkJoinTask.java:289)
	at java.util.concurrent.ForkJoinTask.doInvoke(ForkJoinTask.java:401)
	at java.util.concurrent.ForkJoinTask.invokeAll(ForkJoinTask.java:759)
	at edu.coursera.parallel.ReciprocalArraySum$ReciprocalArraySumTask.compute(ReciprocalArraySum.java:141)
	at java.util.concurrent.RecursiveAction.exec(RecursiveAction.java:189)
	at java.util.concurrent.ForkJoinTask.doExec(ForkJoinTask.java:289)
	at java.util.concurrent.ForkJoinTask.doInvoke(ForkJoinTask.java:401)
	at java.util.concurrent.ForkJoinTask.invokeAll(ForkJoinTask.java:759)
	at edu.coursera.parallel.ReciprocalArraySum$ReciprocalArraySumTask.compute(ReciprocalArraySum.java:141)
	at java.util.concurrent.RecursiveAction.exec(RecursiveAction.java:189)
	at java.util.concurrent.ForkJoinTask.doExec(ForkJoinTask.java:289)
	at java.util.concurrent.ForkJoinTask.doInvoke(ForkJoinTask.java:401)
	at java.util.concurrent.ForkJoinTask.invokeAll(ForkJoinTask.java:759)
	at edu.coursera.parallel.ReciprocalArraySum$ReciprocalArraySumTask.compute(ReciprocalArraySum.java:141)
	at java.util.concurrent.RecursiveAction.exec(RecursiveAction.java:189)
	at java.util.concurrent.ForkJoinTask.doExec(ForkJoinTask.java:289)
	at java.util.concurrent.ForkJoinTask.doInvoke(ForkJoinTask.java:401)
	at java.util.concurrent.ForkJoinTask.invokeAll(ForkJoinTask.java:759)
	at edu.coursera.parallel.ReciprocalArraySum$ReciprocalArraySumTask.compute(ReciprocalArraySum.java:141)
	at java.util.concurrent.RecursiveAction.exec(RecursiveAction.java:189)
	at java.util.concurrent.ForkJoinTask.doExec(ForkJoinTask.java:289)
	at java.util.concurrent.ForkJoinTask.doInvoke(ForkJoinTask.java:401)
	at java.util.concurrent.ForkJoinTask.invokeAll(ForkJoinTask.java:759)
	at edu.coursera.parallel.ReciprocalArraySum$ReciprocalArraySumTask.compute(ReciprocalArraySum.java:141)
	at java.util.concurrent.RecursiveAction.exec(RecursiveAction.java:189)
	at java.util.concurrent.ForkJoinTask.doExec(ForkJoinTask.java:289)
	at java.util.concurrent.ForkJoinTask.externalAwaitDone(ForkJoinTask.java:326)
	at java.util.concurrent.ForkJoinTask.doJoin(ForkJoinTask.java:391)
	at java.util.concurrent.ForkJoinTask.join(ForkJoinTask.java:719)
	at java.util.concurrent.ForkJoinPool.invoke(ForkJoinPool.java:2616)
	at edu.coursera.parallel.ReciprocalArraySum.parArraySum(ReciprocalArraySum.java:173)
	at edu.coursera.parallel.ReciprocalArraySumTest.parTestHelper(ReciprocalArraySumTest.java:77)
	at edu.coursera.parallel.ReciprocalArraySumTest.testParSimpleOneMillion(ReciprocalArraySumTest.java:117)
</error>
    <system-err><![CDATA[Exception in thread "ForkJoinPool.commonPool-worker-2" java.lang.NoClassDefFoundError: Could not initialize class java.util.concurrent.locks.AbstractQueuedSynchronizer$Node
	at java.util.concurrent.locks.AbstractQueuedSynchronizer.acquire(AbstractQueuedSynchronizer.java:1198)
	at java.util.concurrent.locks.ReentrantLock$NonfairSync.lock(ReentrantLock.java:209)
	at java.util.concurrent.locks.ReentrantLock.lock(ReentrantLock.java:285)
	at java.util.concurrent.ForkJoinTask.recordExceptionalCompletion(ForkJoinTask.java:464)
	at java.util.concurrent.ForkJoinTask.setExceptionalCompletion(ForkJoinTask.java:491)
	at java.util.concurrent.ForkJoinTask.doExec(ForkJoinTask.java:291)
	at java.util.concurrent.ForkJoinPool$WorkQueue.execLocalTasks(ForkJoinPool.java:1040)
	at java.util.concurrent.ForkJoinPool$WorkQueue.runTask(ForkJoinPool.java:1058)
	at java.util.concurrent.ForkJoinPool.runWorker(ForkJoinPool.java:1692)
	at java.util.concurrent.ForkJoinWorkerThread.run(ForkJoinWorkerThread.java:157)
]]></system-err>
  </testcase>
  <testcase name="testParSimpleOneHundredMillion" classname="edu.coursera.parallel.ReciprocalArraySumTest" time="2.331">
    <error message="Could not initialize class java.util.concurrent.locks.AbstractQueuedSynchronizer$Node" type="java.lang.NoClassDefFoundError">java.lang.NoClassDefFoundError: Could not initialize class java.util.concurrent.locks.AbstractQueuedSynchronizer$Node
	at java.util.concurrent.locks.AbstractQueuedSynchronizer.acquire(AbstractQueuedSynchronizer.java:1198)
	at java.util.concurrent.locks.ReentrantLock$NonfairSync.lock(ReentrantLock.java:209)
	at java.util.concurrent.locks.ReentrantLock.lock(ReentrantLock.java:285)
	at java.util.concurrent.ForkJoinTask.recordExceptionalCompletion(ForkJoinTask.java:464)
	at java.util.concurrent.ForkJoinTask.setExceptionalCompletion(ForkJoinTask.java:491)
	at java.util.concurrent.ForkJoinTask.doExec(ForkJoinTask.java:291)
	at java.util.concurrent.ForkJoinTask.externalAwaitDone(ForkJoinTask.java:326)
	at java.util.concurrent.ForkJoinTask.doJoin(ForkJoinTask.java:391)
	at java.util.concurrent.ForkJoinTask.invokeAll(ForkJoinTask.java:761)
	at edu.coursera.parallel.ReciprocalArraySum$ReciprocalArraySumTask.compute(ReciprocalArraySum.java:141)
	at java.util.concurrent.RecursiveAction.exec(RecursiveAction.java:189)
	at java.util.concurrent.ForkJoinTask.doExec(ForkJoinTask.java:289)
	at java.util.concurrent.ForkJoinTask.externalAwaitDone(ForkJoinTask.java:326)
	at java.util.concurrent.ForkJoinTask.doJoin(ForkJoinTask.java:391)
	at java.util.concurrent.ForkJoinTask.invokeAll(ForkJoinTask.java:761)
	at edu.coursera.parallel.ReciprocalArraySum$ReciprocalArraySumTask.compute(ReciprocalArraySum.java:141)
	at java.util.concurrent.RecursiveAction.exec(RecursiveAction.java:189)
	at java.util.concurrent.ForkJoinTask.doExec(ForkJoinTask.java:289)
	at java.util.concurrent.ForkJoinTask.externalAwaitDone(ForkJoinTask.java:326)
	at java.util.concurrent.ForkJoinTask.doJoin(ForkJoinTask.java:391)
	at java.util.concurrent.ForkJoinTask.invokeAll(ForkJoinTask.java:761)
	at edu.coursera.parallel.ReciprocalArraySum$ReciprocalArraySumTask.compute(ReciprocalArraySum.java:141)
	at java.util.concurrent.RecursiveAction.exec(RecursiveAction.java:189)
	at java.util.concurrent.ForkJoinTask.doExec(ForkJoinTask.java:289)
	at java.util.concurrent.ForkJoinTask.externalAwaitDone(ForkJoinTask.java:326)
	at java.util.concurrent.ForkJoinTask.doJoin(ForkJoinTask.java:391)
	at java.util.concurrent.ForkJoinTask.invokeAll(ForkJoinTask.java:761)
	at edu.coursera.parallel.ReciprocalArraySum$ReciprocalArraySumTask.compute(ReciprocalArraySum.java:141)
	at java.util.concurrent.RecursiveAction.exec(RecursiveAction.java:189)
	at java.util.concurrent.ForkJoinTask.doExec(ForkJoinTask.java:289)
	at java.util.concurrent.ForkJoinTask.externalAwaitDone(ForkJoinTask.java:326)
	at java.util.concurrent.ForkJoinTask.doJoin(ForkJoinTask.java:391)
	at java.util.concurrent.ForkJoinTask.invokeAll(ForkJoinTask.java:761)
	at edu.coursera.parallel.ReciprocalArraySum$ReciprocalArraySumTask.compute(ReciprocalArraySum.java:141)
	at java.util.concurrent.RecursiveAction.exec(RecursiveAction.java:189)
	at java.util.concurrent.ForkJoinTask.doExec(ForkJoinTask.java:289)
	at java.util.concurrent.ForkJoinTask.externalAwaitDone(ForkJoinTask.java:326)
	at java.util.concurrent.ForkJoinTask.doJoin(ForkJoinTask.java:391)
	at java.util.concurrent.ForkJoinTask.invokeAll(ForkJoinTask.java:761)
	at edu.coursera.parallel.ReciprocalArraySum$ReciprocalArraySumTask.compute(ReciprocalArraySum.java:141)
	at java.util.concurrent.RecursiveAction.exec(RecursiveAction.java:189)
	at java.util.concurrent.ForkJoinTask.doExec(ForkJoinTask.java:289)
	at java.util.concurrent.ForkJoinTask.externalAwaitDone(ForkJoinTask.java:326)
	at java.util.concurrent.ForkJoinTask.doJoin(ForkJoinTask.java:391)
	at java.util.concurrent.ForkJoinTask.invokeAll(ForkJoinTask.java:761)
	at edu.coursera.parallel.ReciprocalArraySum$ReciprocalArraySumTask.compute(ReciprocalArraySum.java:141)
	at java.util.concurrent.RecursiveAction.exec(RecursiveAction.java:189)
	at java.util.concurrent.ForkJoinTask.doExec(ForkJoinTask.java:289)
	at java.util.concurrent.ForkJoinTask.externalAwaitDone(ForkJoinTask.java:326)
	at java.util.concurrent.ForkJoinTask.doJoin(ForkJoinTask.java:391)
	at java.util.concurrent.ForkJoinTask.invokeAll(ForkJoinTask.java:761)
	at edu.coursera.parallel.ReciprocalArraySum$ReciprocalArraySumTask.compute(ReciprocalArraySum.java:141)
	at java.util.concurrent.RecursiveAction.exec(RecursiveAction.java:189)
	at java.util.concurrent.ForkJoinTask.doExec(ForkJoinTask.java:289)
	at java.util.concurrent.ForkJoinTask.externalAwaitDone(ForkJoinTask.java:326)
	at java.util.concurrent.ForkJoinTask.doJoin(ForkJoinTask.java:391)
	at java.util.concurrent.ForkJoinTask.invokeAll(ForkJoinTask.java:761)
	at edu.coursera.parallel.ReciprocalArraySum$ReciprocalArraySumTask.compute(ReciprocalArraySum.java:141)
	at java.util.concurrent.RecursiveAction.exec(RecursiveAction.java:189)
	at java.util.concurrent.ForkJoinTask.doExec(ForkJoinTask.java:289)
	at java.util.concurrent.ForkJoinTask.externalAwaitDone(ForkJoinTask.java:326)
	at java.util.concurrent.ForkJoinTask.doJoin(ForkJoinTask.java:391)
	at java.util.concurrent.ForkJoinTask.invokeAll(ForkJoinTask.java:761)
	at edu.coursera.parallel.ReciprocalArraySum$ReciprocalArraySumTask.compute(ReciprocalArraySum.java:141)
	at java.util.concurrent.RecursiveAction.exec(RecursiveAction.java:189)
	at java.util.concurrent.ForkJoinTask.doExec(ForkJoinTask.java:289)
	at java.util.concurrent.ForkJoinTask.externalAwaitDone(ForkJoinTask.java:326)
	at java.util.concurrent.ForkJoinTask.doJoin(ForkJoinTask.java:391)
	at java.util.concurrent.ForkJoinTask.invokeAll(ForkJoinTask.java:761)
	at edu.coursera.parallel.ReciprocalArraySum$ReciprocalArraySumTask.compute(ReciprocalArraySum.java:141)
	at java.util.concurrent.RecursiveAction.exec(RecursiveAction.java:189)
	at java.util.concurrent.ForkJoinTask.doExec(ForkJoinTask.java:289)
	at java.util.concurrent.ForkJoinTask.externalAwaitDone(ForkJoinTask.java:326)
	at java.util.concurrent.ForkJoinTask.doJoin(ForkJoinTask.java:391)
	at java.util.concurrent.ForkJoinTask.invokeAll(ForkJoinTask.java:761)
	at edu.coursera.parallel.ReciprocalArraySum$ReciprocalArraySumTask.compute(ReciprocalArraySum.java:141)
	at java.util.concurrent.RecursiveAction.exec(RecursiveAction.java:189)
	at java.util.concurrent.ForkJoinTask.doExec(ForkJoinTask.java:289)
	at java.util.concurrent.ForkJoinTask.externalAwaitDone(ForkJoinTask.java:326)
	at java.util.concurrent.ForkJoinTask.doJoin(ForkJoinTask.java:391)
	at java.util.concurrent.ForkJoinTask.invokeAll(ForkJoinTask.java:761)
	at edu.coursera.parallel.ReciprocalArraySum$ReciprocalArraySumTask.compute(ReciprocalArraySum.java:141)
	at java.util.concurrent.RecursiveAction.exec(RecursiveAction.java:189)
	at java.util.concurrent.ForkJoinTask.doExec(ForkJoinTask.java:289)
	at java.util.concurrent.ForkJoinTask.externalAwaitDone(ForkJoinTask.java:326)
	at java.util.concurrent.ForkJoinTask.doJoin(ForkJoinTask.java:391)
	at java.util.concurrent.ForkJoinTask.invokeAll(ForkJoinTask.java:761)
	at edu.coursera.parallel.ReciprocalArraySum$ReciprocalArraySumTask.compute(ReciprocalArraySum.java:141)
	at java.util.concurrent.RecursiveAction.exec(RecursiveAction.java:189)
	at java.util.concurrent.ForkJoinTask.doExec(ForkJoinTask.java:289)
	at java.util.concurrent.ForkJoinTask.externalAwaitDone(ForkJoinTask.java:326)
	at java.util.concurrent.ForkJoinTask.doJoin(ForkJoinTask.java:391)
	at java.util.concurrent.ForkJoinTask.invokeAll(ForkJoinTask.java:761)
	at edu.coursera.parallel.ReciprocalArraySum$ReciprocalArraySumTask.compute(ReciprocalArraySum.java:141)
	at java.util.concurrent.RecursiveAction.exec(RecursiveAction.java:189)
	at java.util.concurrent.ForkJoinTask.doExec(ForkJoinTask.java:289)
	at java.util.concurrent.ForkJoinTask.externalAwaitDone(ForkJoinTask.java:326)
	at java.util.concurrent.ForkJoinTask.doJoin(ForkJoinTask.java:391)
	at java.util.concurrent.ForkJoinTask.invokeAll(ForkJoinTask.java:761)
	at edu.coursera.parallel.ReciprocalArraySum$ReciprocalArraySumTask.compute(ReciprocalArraySum.java:141)
	at java.util.concurrent.RecursiveAction.exec(RecursiveAction.java:189)
	at java.util.concurrent.ForkJoinTask.doExec(ForkJoinTask.java:289)
	at java.util.concurrent.ForkJoinTask.externalAwaitDone(ForkJoinTask.java:326)
	at java.util.concurrent.ForkJoinTask.doJoin(ForkJoinTask.java:391)
	at java.util.concurrent.ForkJoinTask.invokeAll(ForkJoinTask.java:761)
	at edu.coursera.parallel.ReciprocalArraySum$ReciprocalArraySumTask.compute(ReciprocalArraySum.java:141)
	at java.util.concurrent.RecursiveAction.exec(RecursiveAction.java:189)
	at java.util.concurrent.ForkJoinTask.doExec(ForkJoinTask.java:289)
	at java.util.concurrent.ForkJoinTask.externalAwaitDone(ForkJoinTask.java:326)
	at java.util.concurrent.ForkJoinTask.doJoin(ForkJoinTask.java:391)
	at java.util.concurrent.ForkJoinTask.invokeAll(ForkJoinTask.java:761)
	at edu.coursera.parallel.ReciprocalArraySum$ReciprocalArraySumTask.compute(ReciprocalArraySum.java:141)
	at java.util.concurrent.RecursiveAction.exec(RecursiveAction.java:189)
	at java.util.concurrent.ForkJoinTask.doExec(ForkJoinTask.java:289)
	at java.util.concurrent.ForkJoinTask.externalAwaitDone(ForkJoinTask.java:326)
	at java.util.concurrent.ForkJoinTask.doJoin(ForkJoinTask.java:391)
	at java.util.concurrent.ForkJoinTask.invokeAll(ForkJoinTask.java:761)
	at edu.coursera.parallel.ReciprocalArraySum$ReciprocalArraySumTask.compute(ReciprocalArraySum.java:141)
	at java.util.concurrent.RecursiveAction.exec(RecursiveAction.java:189)
	at java.util.concurrent.ForkJoinTask.doExec(ForkJoinTask.java:289)
	at java.util.concurrent.ForkJoinTask.externalAwaitDone(ForkJoinTask.java:326)
	at java.util.concurrent.ForkJoinTask.doJoin(ForkJoinTask.java:391)
	at java.util.concurrent.ForkJoinTask.invokeAll(ForkJoinTask.java:761)
	at edu.coursera.parallel.ReciprocalArraySum$ReciprocalArraySumTask.compute(ReciprocalArraySum.java:141)
	at java.util.concurrent.RecursiveAction.exec(RecursiveAction.java:189)
	at java.util.concurrent.ForkJoinTask.doExec(ForkJoinTask.java:289)
	at java.util.concurrent.ForkJoinTask.externalAwaitDone(ForkJoinTask.java:326)
	at java.util.concurrent.ForkJoinTask.doJoin(ForkJoinTask.java:391)
	at java.util.concurrent.ForkJoinTask.invokeAll(ForkJoinTask.java:761)
	at edu.coursera.parallel.ReciprocalArraySum$ReciprocalArraySumTask.compute(ReciprocalArraySum.java:141)
	at java.util.concurrent.RecursiveAction.exec(RecursiveAction.java:189)
	at java.util.concurrent.ForkJoinTask.doExec(ForkJoinTask.java:289)
	at java.util.concurrent.ForkJoinTask.externalAwaitDone(ForkJoinTask.java:326)
	at java.util.concurrent.ForkJoinTask.doJoin(ForkJoinTask.java:391)
	at java.util.concurrent.ForkJoinTask.invokeAll(ForkJoinTask.java:761)
	at edu.coursera.parallel.ReciprocalArraySum$ReciprocalArraySumTask.compute(ReciprocalArraySum.java:141)
	at java.util.concurrent.RecursiveAction.exec(RecursiveAction.java:189)
	at java.util.concurrent.ForkJoinTask.doExec(ForkJoinTask.java:289)
	at java.util.concurrent.ForkJoinTask.externalAwaitDone(ForkJoinTask.java:326)
	at java.util.concurrent.ForkJoinTask.doJoin(ForkJoinTask.java:391)
	at java.util.concurrent.ForkJoinTask.invokeAll(ForkJoinTask.java:761)
	at edu.coursera.parallel.ReciprocalArraySum$ReciprocalArraySumTask.compute(ReciprocalArraySum.java:141)
	at java.util.concurrent.RecursiveAction.exec(RecursiveAction.java:189)
	at java.util.concurrent.ForkJoinTask.doExec(ForkJoinTask.java:289)
	at java.util.concurrent.ForkJoinTask.externalAwaitDone(ForkJoinTask.java:326)
	at java.util.concurrent.ForkJoinTask.doJoin(ForkJoinTask.java:391)
	at java.util.concurrent.ForkJoinTask.invokeAll(ForkJoinTask.java:761)
	at edu.coursera.parallel.ReciprocalArraySum$ReciprocalArraySumTask.compute(ReciprocalArraySum.java:141)
	at java.util.concurrent.RecursiveAction.exec(RecursiveAction.java:189)
	at java.util.concurrent.ForkJoinTask.doExec(ForkJoinTask.java:289)
	at java.util.concurrent.ForkJoinTask.externalAwaitDone(ForkJoinTask.java:326)
	at java.util.concurrent.ForkJoinTask.doJoin(ForkJoinTask.java:391)
	at java.util.concurrent.ForkJoinTask.invokeAll(ForkJoinTask.java:761)
	at edu.coursera.parallel.ReciprocalArraySum$ReciprocalArraySumTask.compute(ReciprocalArraySum.java:141)
	at java.util.concurrent.RecursiveAction.exec(RecursiveAction.java:189)
	at java.util.concurrent.ForkJoinTask.doExec(ForkJoinTask.java:289)
	at java.util.concurrent.ForkJoinTask.externalAwaitDone(ForkJoinTask.java:326)
	at java.util.concurrent.ForkJoinTask.doJoin(ForkJoinTask.java:391)
	at java.util.concurrent.ForkJoinTask.invokeAll(ForkJoinTask.java:761)
	at edu.coursera.parallel.ReciprocalArraySum$ReciprocalArraySumTask.compute(ReciprocalArraySum.java:141)
	at java.util.concurrent.RecursiveAction.exec(RecursiveAction.java:189)
	at java.util.concurrent.ForkJoinTask.doExec(ForkJoinTask.java:289)
	at java.util.concurrent.ForkJoinTask.externalAwaitDone(ForkJoinTask.java:326)
	at java.util.concurrent.ForkJoinTask.doJoin(ForkJoinTask.java:391)
	at java.util.concurrent.ForkJoinTask.invokeAll(ForkJoinTask.java:761)
	at edu.coursera.parallel.ReciprocalArraySum$ReciprocalArraySumTask.compute(ReciprocalArraySum.java:141)
	at java.util.concurrent.RecursiveAction.exec(RecursiveAction.java:189)
	at java.util.concurrent.ForkJoinTask.doExec(ForkJoinTask.java:289)
	at java.util.concurrent.ForkJoinTask.externalAwaitDone(ForkJoinTask.java:326)
	at java.util.concurrent.ForkJoinTask.doJoin(ForkJoinTask.java:391)
	at java.util.concurrent.ForkJoinTask.invokeAll(ForkJoinTask.java:761)
	at edu.coursera.parallel.ReciprocalArraySum$ReciprocalArraySumTask.compute(ReciprocalArraySum.java:141)
	at java.util.concurrent.RecursiveAction.exec(RecursiveAction.java:189)
	at java.util.concurrent.ForkJoinTask.doExec(ForkJoinTask.java:289)
	at java.util.concurrent.ForkJoinTask.externalAwaitDone(ForkJoinTask.java:326)
	at java.util.concurrent.ForkJoinTask.doJoin(ForkJoinTask.java:391)
	at java.util.concurrent.ForkJoinTask.invokeAll(ForkJoinTask.java:761)
	at edu.coursera.parallel.ReciprocalArraySum$ReciprocalArraySumTask.compute(ReciprocalArraySum.java:141)
	at java.util.concurrent.RecursiveAction.exec(RecursiveAction.java:189)
	at java.util.concurrent.ForkJoinTask.doExec(ForkJoinTask.java:289)
	at java.util.concurrent.ForkJoinTask.externalAwaitDone(ForkJoinTask.java:326)
	at java.util.concurrent.ForkJoinTask.doJoin(ForkJoinTask.java:391)
	at java.util.concurrent.ForkJoinTask.invokeAll(ForkJoinTask.java:761)
	at edu.coursera.parallel.ReciprocalArraySum$ReciprocalArraySumTask.compute(ReciprocalArraySum.java:141)
	at java.util.concurrent.RecursiveAction.exec(RecursiveAction.java:189)
	at java.util.concurrent.ForkJoinTask.doExec(ForkJoinTask.java:289)
	at java.util.concurrent.ForkJoinTask.externalAwaitDone(ForkJoinTask.java:326)
	at java.util.concurrent.ForkJoinTask.doJoin(ForkJoinTask.java:391)
	at java.util.concurrent.ForkJoinTask.invokeAll(ForkJoinTask.java:761)
	at edu.coursera.parallel.ReciprocalArraySum$ReciprocalArraySumTask.compute(ReciprocalArraySum.java:141)
	at java.util.concurrent.RecursiveAction.exec(RecursiveAction.java:189)
	at java.util.concurrent.ForkJoinTask.doExec(ForkJoinTask.java:289)
	at java.util.concurrent.ForkJoinTask.externalAwaitDone(ForkJoinTask.java:326)
	at java.util.concurrent.ForkJoinTask.doJoin(ForkJoinTask.java:391)
	at java.util.concurrent.ForkJoinTask.invokeAll(ForkJoinTask.java:761)
	at edu.coursera.parallel.ReciprocalArraySum$ReciprocalArraySumTask.compute(ReciprocalArraySum.java:141)
	at java.util.concurrent.RecursiveAction.exec(RecursiveAction.java:189)
	at java.util.concurrent.ForkJoinTask.doExec(ForkJoinTask.java:289)
	at java.util.concurrent.ForkJoinTask.externalAwaitDone(ForkJoinTask.java:326)
	at java.util.concurrent.ForkJoinTask.doJoin(ForkJoinTask.java:391)
	at java.util.concurrent.ForkJoinTask.invokeAll(ForkJoinTask.java:761)
	at edu.coursera.parallel.ReciprocalArraySum$ReciprocalArraySumTask.compute(ReciprocalArraySum.java:141)
	at java.util.concurrent.RecursiveAction.exec(RecursiveAction.java:189)
	at java.util.concurrent.ForkJoinTask.doExec(ForkJoinTask.java:289)
	at java.util.concurrent.ForkJoinTask.externalAwaitDone(ForkJoinTask.java:326)
	at java.util.concurrent.ForkJoinTask.doJoin(ForkJoinTask.java:391)
	at java.util.concurrent.ForkJoinTask.invokeAll(ForkJoinTask.java:761)
	at edu.coursera.parallel.ReciprocalArraySum$ReciprocalArraySumTask.compute(ReciprocalArraySum.java:141)
	at java.util.concurrent.RecursiveAction.exec(RecursiveAction.java:189)
	at java.util.concurrent.ForkJoinTask.doExec(ForkJoinTask.java:289)
	at java.util.concurrent.ForkJoinTask.externalAwaitDone(ForkJoinTask.java:326)
	at java.util.concurrent.ForkJoinTask.doJoin(ForkJoinTask.java:391)
	at java.util.concurrent.ForkJoinTask.invokeAll(ForkJoinTask.java:761)
	at edu.coursera.parallel.ReciprocalArraySum$ReciprocalArraySumTask.compute(ReciprocalArraySum.java:141)
	at java.util.concurrent.RecursiveAction.exec(RecursiveAction.java:189)
	at java.util.concurrent.ForkJoinTask.doExec(ForkJoinTask.java:289)
	at java.util.concurrent.ForkJoinTask.externalAwaitDone(ForkJoinTask.java:326)
	at java.util.concurrent.ForkJoinTask.doJoin(ForkJoinTask.java:391)
	at java.util.concurrent.ForkJoinTask.invokeAll(ForkJoinTask.java:761)
	at edu.coursera.parallel.ReciprocalArraySum$ReciprocalArraySumTask.compute(ReciprocalArraySum.java:141)
	at java.util.concurrent.RecursiveAction.exec(RecursiveAction.java:189)
	at java.util.concurrent.ForkJoinTask.doExec(ForkJoinTask.java:289)
	at java.util.concurrent.ForkJoinTask.externalAwaitDone(ForkJoinTask.java:326)
	at java.util.concurrent.ForkJoinTask.doJoin(ForkJoinTask.java:391)
	at java.util.concurrent.ForkJoinTask.invokeAll(ForkJoinTask.java:761)
	at edu.coursera.parallel.ReciprocalArraySum$ReciprocalArraySumTask.compute(ReciprocalArraySum.java:141)
	at java.util.concurrent.RecursiveAction.exec(RecursiveAction.java:189)
	at java.util.concurrent.ForkJoinTask.doExec(ForkJoinTask.java:289)
	at java.util.concurrent.ForkJoinTask.externalAwaitDone(ForkJoinTask.java:326)
	at java.util.concurrent.ForkJoinTask.doJoin(ForkJoinTask.java:391)
	at java.util.concurrent.ForkJoinTask.invokeAll(ForkJoinTask.java:761)
	at edu.coursera.parallel.ReciprocalArraySum$ReciprocalArraySumTask.compute(ReciprocalArraySum.java:141)
	at java.util.concurrent.RecursiveAction.exec(RecursiveAction.java:189)
	at java.util.concurrent.ForkJoinTask.doExec(ForkJoinTask.java:289)
	at java.util.concurrent.ForkJoinTask.externalAwaitDone(ForkJoinTask.java:326)
	at java.util.concurrent.ForkJoinTask.doJoin(ForkJoinTask.java:391)
	at java.util.concurrent.ForkJoinTask.invokeAll(ForkJoinTask.java:761)
	at edu.coursera.parallel.ReciprocalArraySum$ReciprocalArraySumTask.compute(ReciprocalArraySum.java:141)
	at java.util.concurrent.RecursiveAction.exec(RecursiveAction.java:189)
	at java.util.concurrent.ForkJoinTask.doExec(ForkJoinTask.java:289)
	at java.util.concurrent.ForkJoinTask.externalAwaitDone(ForkJoinTask.java:326)
	at java.util.concurrent.ForkJoinTask.doJoin(ForkJoinTask.java:391)
	at java.util.concurrent.ForkJoinTask.invokeAll(ForkJoinTask.java:761)
	at edu.coursera.parallel.ReciprocalArraySum$ReciprocalArraySumTask.compute(ReciprocalArraySum.java:141)
	at java.util.concurrent.RecursiveAction.exec(RecursiveAction.java:189)
	at java.util.concurrent.ForkJoinTask.doExec(ForkJoinTask.java:289)
	at java.util.concurrent.ForkJoinTask.externalAwaitDone(ForkJoinTask.java:326)
	at java.util.concurrent.ForkJoinTask.doJoin(ForkJoinTask.java:391)
	at java.util.concurrent.ForkJoinTask.invokeAll(ForkJoinTask.java:761)
	at edu.coursera.parallel.ReciprocalArraySum$ReciprocalArraySumTask.compute(ReciprocalArraySum.java:141)
	at java.util.concurrent.RecursiveAction.exec(RecursiveAction.java:189)
	at java.util.concurrent.ForkJoinTask.doExec(ForkJoinTask.java:289)
	at java.util.concurrent.ForkJoinTask.externalAwaitDone(ForkJoinTask.java:326)
	at java.util.concurrent.ForkJoinTask.doJoin(ForkJoinTask.java:391)
	at java.util.concurrent.ForkJoinTask.invokeAll(ForkJoinTask.java:761)
	at edu.coursera.parallel.ReciprocalArraySum$ReciprocalArraySumTask.compute(ReciprocalArraySum.java:141)
	at java.util.concurrent.RecursiveAction.exec(RecursiveAction.java:189)
	at java.util.concurrent.ForkJoinTask.doExec(ForkJoinTask.java:289)
	at java.util.concurrent.ForkJoinTask.externalAwaitDone(ForkJoinTask.java:326)
	at java.util.concurrent.ForkJoinTask.doJoin(ForkJoinTask.java:391)
	at java.util.concurrent.ForkJoinTask.invokeAll(ForkJoinTask.java:761)
	at edu.coursera.parallel.ReciprocalArraySum$ReciprocalArraySumTask.compute(ReciprocalArraySum.java:141)
	at java.util.concurrent.RecursiveAction.exec(RecursiveAction.java:189)
	at java.util.concurrent.ForkJoinTask.doExec(ForkJoinTask.java:289)
	at java.util.concurrent.ForkJoinTask.externalAwaitDone(ForkJoinTask.java:326)
	at java.util.concurrent.ForkJoinTask.doJoin(ForkJoinTask.java:391)
	at java.util.concurrent.ForkJoinTask.invokeAll(ForkJoinTask.java:761)
	at edu.coursera.parallel.ReciprocalArraySum$ReciprocalArraySumTask.compute(ReciprocalArraySum.java:141)
	at java.util.concurrent.RecursiveAction.exec(RecursiveAction.java:189)
	at java.util.concurrent.ForkJoinTask.doExec(ForkJoinTask.java:289)
	at java.util.concurrent.ForkJoinTask.externalAwaitDone(ForkJoinTask.java:326)
	at java.util.concurrent.ForkJoinTask.doJoin(ForkJoinTask.java:391)
	at java.util.concurrent.ForkJoinTask.invokeAll(ForkJoinTask.java:761)
	at edu.coursera.parallel.ReciprocalArraySum$ReciprocalArraySumTask.compute(ReciprocalArraySum.java:141)
	at java.util.concurrent.RecursiveAction.exec(RecursiveAction.java:189)
	at java.util.concurrent.ForkJoinTask.doExec(ForkJoinTask.java:289)
	at java.util.concurrent.ForkJoinTask.externalAwaitDone(ForkJoinTask.java:326)
	at java.util.concurrent.ForkJoinTask.doJoin(ForkJoinTask.java:391)
	at java.util.concurrent.ForkJoinTask.invokeAll(ForkJoinTask.java:761)
	at edu.coursera.parallel.ReciprocalArraySum$ReciprocalArraySumTask.compute(ReciprocalArraySum.java:141)
	at java.util.concurrent.RecursiveAction.exec(RecursiveAction.java:189)
	at java.util.concurrent.ForkJoinTask.doExec(ForkJoinTask.java:289)
	at java.util.concurrent.ForkJoinTask.externalAwaitDone(ForkJoinTask.java:326)
	at java.util.concurrent.ForkJoinTask.doJoin(ForkJoinTask.java:391)
	at java.util.concurrent.ForkJoinTask.invokeAll(ForkJoinTask.java:761)
	at edu.coursera.parallel.ReciprocalArraySum$ReciprocalArraySumTask.compute(ReciprocalArraySum.java:141)
	at java.util.concurrent.RecursiveAction.exec(RecursiveAction.java:189)
	at java.util.concurrent.ForkJoinTask.doExec(ForkJoinTask.java:289)
	at java.util.concurrent.ForkJoinTask.externalAwaitDone(ForkJoinTask.java:326)
	at java.util.concurrent.ForkJoinTask.doJoin(ForkJoinTask.java:391)
	at java.util.concurrent.ForkJoinTask.invokeAll(ForkJoinTask.java:761)
	at edu.coursera.parallel.ReciprocalArraySum$ReciprocalArraySumTask.compute(ReciprocalArraySum.java:141)
	at java.util.concurrent.RecursiveAction.exec(RecursiveAction.java:189)
	at java.util.concurrent.ForkJoinTask.doExec(ForkJoinTask.java:289)
	at java.util.concurrent.ForkJoinTask.externalAwaitDone(ForkJoinTask.java:326)
	at java.util.concurrent.ForkJoinTask.doJoin(ForkJoinTask.java:391)
	at java.util.concurrent.ForkJoinTask.invokeAll(ForkJoinTask.java:761)
	at edu.coursera.parallel.ReciprocalArraySum$ReciprocalArraySumTask.compute(ReciprocalArraySum.java:141)
	at java.util.concurrent.RecursiveAction.exec(RecursiveAction.java:189)
	at java.util.concurrent.ForkJoinTask.doExec(ForkJoinTask.java:289)
	at java.util.concurrent.ForkJoinTask.externalAwaitDone(ForkJoinTask.java:326)
	at java.util.concurrent.ForkJoinTask.doJoin(ForkJoinTask.java:391)
	at java.util.concurrent.ForkJoinTask.invokeAll(ForkJoinTask.java:761)
	at edu.coursera.parallel.ReciprocalArraySum$ReciprocalArraySumTask.compute(ReciprocalArraySum.java:141)
	at java.util.concurrent.RecursiveAction.exec(RecursiveAction.java:189)
	at java.util.concurrent.ForkJoinTask.doExec(ForkJoinTask.java:289)
	at java.util.concurrent.ForkJoinTask.externalAwaitDone(ForkJoinTask.java:326)
	at java.util.concurrent.ForkJoinTask.doJoin(ForkJoinTask.java:391)
	at java.util.concurrent.ForkJoinTask.invokeAll(ForkJoinTask.java:761)
	at edu.coursera.parallel.ReciprocalArraySum$ReciprocalArraySumTask.compute(ReciprocalArraySum.java:141)
	at java.util.concurrent.RecursiveAction.exec(RecursiveAction.java:189)
	at java.util.concurrent.ForkJoinTask.doExec(ForkJoinTask.java:289)
	at java.util.concurrent.ForkJoinTask.externalAwaitDone(ForkJoinTask.java:326)
	at java.util.concurrent.ForkJoinTask.doJoin(ForkJoinTask.java:391)
	at java.util.concurrent.ForkJoinTask.invokeAll(ForkJoinTask.java:761)
	at edu.coursera.parallel.ReciprocalArraySum$ReciprocalArraySumTask.compute(ReciprocalArraySum.java:141)
	at java.util.concurrent.RecursiveAction.exec(RecursiveAction.java:189)
	at java.util.concurrent.ForkJoinTask.doExec(ForkJoinTask.java:289)
	at java.util.concurrent.ForkJoinTask.externalAwaitDone(ForkJoinTask.java:326)
	at java.util.concurrent.ForkJoinTask.doJoin(ForkJoinTask.java:391)
	at java.util.concurrent.ForkJoinTask.invokeAll(ForkJoinTask.java:761)
	at edu.coursera.parallel.ReciprocalArraySum$ReciprocalArraySumTask.compute(ReciprocalArraySum.java:141)
	at java.util.concurrent.RecursiveAction.exec(RecursiveAction.java:189)
	at java.util.concurrent.ForkJoinTask.doExec(ForkJoinTask.java:289)
	at java.util.concurrent.ForkJoinTask.externalAwaitDone(ForkJoinTask.java:326)
	at java.util.concurrent.ForkJoinTask.doJoin(ForkJoinTask.java:391)
	at java.util.concurrent.ForkJoinTask.invokeAll(ForkJoinTask.java:761)
	at edu.coursera.parallel.ReciprocalArraySum$ReciprocalArraySumTask.compute(ReciprocalArraySum.java:141)
	at java.util.concurrent.RecursiveAction.exec(RecursiveAction.java:189)
	at java.util.concurrent.ForkJoinTask.doExec(ForkJoinTask.java:289)
	at java.util.concurrent.ForkJoinTask.externalAwaitDone(ForkJoinTask.java:326)
	at java.util.concurrent.ForkJoinTask.doJoin(ForkJoinTask.java:391)
	at java.util.concurrent.ForkJoinTask.invokeAll(ForkJoinTask.java:761)
	at edu.coursera.parallel.ReciprocalArraySum$ReciprocalArraySumTask.compute(ReciprocalArraySum.java:141)
	at java.util.concurrent.RecursiveAction.exec(RecursiveAction.java:189)
	at java.util.concurrent.ForkJoinTask.doExec(ForkJoinTask.java:289)
	at java.util.concurrent.ForkJoinTask.externalAwaitDone(ForkJoinTask.java:326)
	at java.util.concurrent.ForkJoinTask.doJoin(ForkJoinTask.java:391)
	at java.util.concurrent.ForkJoinTask.invokeAll(ForkJoinTask.java:761)
	at edu.coursera.parallel.ReciprocalArraySum$ReciprocalArraySumTask.compute(ReciprocalArraySum.java:141)
	at java.util.concurrent.RecursiveAction.exec(RecursiveAction.java:189)
	at java.util.concurrent.ForkJoinTask.doExec(ForkJoinTask.java:289)
	at java.util.concurrent.ForkJoinTask.externalAwaitDone(ForkJoinTask.java:326)
	at java.util.concurrent.ForkJoinTask.doJoin(ForkJoinTask.java:391)
	at java.util.concurrent.ForkJoinTask.invokeAll(ForkJoinTask.java:761)
	at edu.coursera.parallel.ReciprocalArraySum$ReciprocalArraySumTask.compute(ReciprocalArraySum.java:141)
	at java.util.concurrent.RecursiveAction.exec(RecursiveAction.java:189)
	at java.util.concurrent.ForkJoinTask.doExec(ForkJoinTask.java:289)
	at java.util.concurrent.ForkJoinTask.externalAwaitDone(ForkJoinTask.java:326)
	at java.util.concurrent.ForkJoinTask.doJoin(ForkJoinTask.java:391)
	at java.util.concurrent.ForkJoinTask.invokeAll(ForkJoinTask.java:761)
	at edu.coursera.parallel.ReciprocalArraySum$ReciprocalArraySumTask.compute(ReciprocalArraySum.java:141)
	at java.util.concurrent.RecursiveAction.exec(RecursiveAction.java:189)
	at java.util.concurrent.ForkJoinTask.doExec(ForkJoinTask.java:289)
	at java.util.concurrent.ForkJoinTask.externalAwaitDone(ForkJoinTask.java:326)
	at java.util.concurrent.ForkJoinTask.doJoin(ForkJoinTask.java:391)
	at java.util.concurrent.ForkJoinTask.invokeAll(ForkJoinTask.java:761)
	at edu.coursera.parallel.ReciprocalArraySum$ReciprocalArraySumTask.compute(ReciprocalArraySum.java:141)
	at java.util.concurrent.RecursiveAction.exec(RecursiveAction.java:189)
	at java.util.concurrent.ForkJoinTask.doExec(ForkJoinTask.java:289)
	at java.util.concurrent.ForkJoinTask.externalAwaitDone(ForkJoinTask.java:326)
	at java.util.concurrent.ForkJoinTask.doJoin(ForkJoinTask.java:391)
	at java.util.concurrent.ForkJoinTask.invokeAll(ForkJoinTask.java:761)
	at edu.coursera.parallel.ReciprocalArraySum$ReciprocalArraySumTask.compute(ReciprocalArraySum.java:141)
	at java.util.concurrent.RecursiveAction.exec(RecursiveAction.java:189)
	at java.util.concurrent.ForkJoinTask.doExec(ForkJoinTask.java:289)
	at java.util.concurrent.ForkJoinTask.externalAwaitDone(ForkJoinTask.java:326)
	at java.util.concurrent.ForkJoinTask.doJoin(ForkJoinTask.java:391)
	at java.util.concurrent.ForkJoinTask.invokeAll(ForkJoinTask.java:761)
	at edu.coursera.parallel.ReciprocalArraySum$ReciprocalArraySumTask.compute(ReciprocalArraySum.java:141)
	at java.util.concurrent.RecursiveAction.exec(RecursiveAction.java:189)
	at java.util.concurrent.ForkJoinTask.doExec(ForkJoinTask.java:289)
	at java.util.concurrent.ForkJoinTask.externalAwaitDone(ForkJoinTask.java:326)
	at java.util.concurrent.ForkJoinTask.doJoin(ForkJoinTask.java:391)
	at java.util.concurrent.ForkJoinTask.invokeAll(ForkJoinTask.java:761)
	at edu.coursera.parallel.ReciprocalArraySum$ReciprocalArraySumTask.compute(ReciprocalArraySum.java:141)
	at java.util.concurrent.RecursiveAction.exec(RecursiveAction.java:189)
	at java.util.concurrent.ForkJoinTask.doExec(ForkJoinTask.java:289)
	at java.util.concurrent.ForkJoinTask.externalAwaitDone(ForkJoinTask.java:326)
	at java.util.concurrent.ForkJoinTask.doJoin(ForkJoinTask.java:391)
	at java.util.concurrent.ForkJoinTask.invokeAll(ForkJoinTask.java:761)
	at edu.coursera.parallel.ReciprocalArraySum$ReciprocalArraySumTask.compute(ReciprocalArraySum.java:141)
	at java.util.concurrent.RecursiveAction.exec(RecursiveAction.java:189)
	at java.util.concurrent.ForkJoinTask.doExec(ForkJoinTask.java:289)
	at java.util.concurrent.ForkJoinTask.externalAwaitDone(ForkJoinTask.java:326)
	at java.util.concurrent.ForkJoinTask.doJoin(ForkJoinTask.java:391)
	at java.util.concurrent.ForkJoinTask.invokeAll(ForkJoinTask.java:761)
	at edu.coursera.parallel.ReciprocalArraySum$ReciprocalArraySumTask.compute(ReciprocalArraySum.java:141)
	at java.util.concurrent.RecursiveAction.exec(RecursiveAction.java:189)
	at java.util.concurrent.ForkJoinTask.doExec(ForkJoinTask.java:289)
	at java.util.concurrent.ForkJoinTask.externalAwaitDone(ForkJoinTask.java:326)
	at java.util.concurrent.ForkJoinTask.doJoin(ForkJoinTask.java:391)
	at java.util.concurrent.ForkJoinTask.invokeAll(ForkJoinTask.java:761)
	at edu.coursera.parallel.ReciprocalArraySum$ReciprocalArraySumTask.compute(ReciprocalArraySum.java:141)
	at java.util.concurrent.RecursiveAction.exec(RecursiveAction.java:189)
	at java.util.concurrent.ForkJoinTask.doExec(ForkJoinTask.java:289)
	at java.util.concurrent.ForkJoinTask.externalAwaitDone(ForkJoinTask.java:326)
	at java.util.concurrent.ForkJoinTask.doJoin(ForkJoinTask.java:391)
	at java.util.concurrent.ForkJoinTask.invokeAll(ForkJoinTask.java:761)
	at edu.coursera.parallel.ReciprocalArraySum$ReciprocalArraySumTask.compute(ReciprocalArraySum.java:141)
	at java.util.concurrent.RecursiveAction.exec(RecursiveAction.java:189)
	at java.util.concurrent.ForkJoinTask.doExec(ForkJoinTask.java:289)
	at java.util.concurrent.ForkJoinTask.externalAwaitDone(ForkJoinTask.java:326)
	at java.util.concurrent.ForkJoinTask.doJoin(ForkJoinTask.java:391)
	at java.util.concurrent.ForkJoinTask.invokeAll(ForkJoinTask.java:761)
	at edu.coursera.parallel.ReciprocalArraySum$ReciprocalArraySumTask.compute(ReciprocalArraySum.java:141)
	at java.util.concurrent.RecursiveAction.exec(RecursiveAction.java:189)
	at java.util.concurrent.ForkJoinTask.doExec(ForkJoinTask.java:289)
	at java.util.concurrent.ForkJoinTask.externalAwaitDone(ForkJoinTask.java:326)
	at java.util.concurrent.ForkJoinTask.doJoin(ForkJoinTask.java:391)
	at java.util.concurrent.ForkJoinTask.invokeAll(ForkJoinTask.java:761)
	at edu.coursera.parallel.ReciprocalArraySum$ReciprocalArraySumTask.compute(ReciprocalArraySum.java:141)
	at java.util.concurrent.RecursiveAction.exec(RecursiveAction.java:189)
	at java.util.concurrent.ForkJoinTask.doExec(ForkJoinTask.java:289)
	at java.util.concurrent.ForkJoinTask.externalAwaitDone(ForkJoinTask.java:326)
	at java.util.concurrent.ForkJoinTask.doJoin(ForkJoinTask.java:391)
	at java.util.concurrent.ForkJoinTask.invokeAll(ForkJoinTask.java:761)
	at edu.coursera.parallel.ReciprocalArraySum$ReciprocalArraySumTask.compute(ReciprocalArraySum.java:141)
	at java.util.concurrent.RecursiveAction.exec(RecursiveAction.java:189)
	at java.util.concurrent.ForkJoinTask.doExec(ForkJoinTask.java:289)
	at java.util.concurrent.ForkJoinTask.externalAwaitDone(ForkJoinTask.java:326)
	at java.util.concurrent.ForkJoinTask.doJoin(ForkJoinTask.java:391)
	at java.util.concurrent.ForkJoinTask.invokeAll(ForkJoinTask.java:761)
	at edu.coursera.parallel.ReciprocalArraySum$ReciprocalArraySumTask.compute(ReciprocalArraySum.java:141)
	at java.util.concurrent.RecursiveAction.exec(RecursiveAction.java:189)
	at java.util.concurrent.ForkJoinTask.doExec(ForkJoinTask.java:289)
	at java.util.concurrent.ForkJoinTask.externalAwaitDone(ForkJoinTask.java:326)
	at java.util.concurrent.ForkJoinTask.doJoin(ForkJoinTask.java:391)
	at java.util.concurrent.ForkJoinTask.invokeAll(ForkJoinTask.java:761)
	at edu.coursera.parallel.ReciprocalArraySum$ReciprocalArraySumTask.compute(ReciprocalArraySum.java:141)
	at java.util.concurrent.RecursiveAction.exec(RecursiveAction.java:189)
	at java.util.concurrent.ForkJoinTask.doExec(ForkJoinTask.java:289)
	at java.util.concurrent.ForkJoinTask.externalAwaitDone(ForkJoinTask.java:326)
	at java.util.concurrent.ForkJoinTask.doJoin(ForkJoinTask.java:391)
	at java.util.concurrent.ForkJoinTask.invokeAll(ForkJoinTask.java:761)
	at edu.coursera.parallel.ReciprocalArraySum$ReciprocalArraySumTask.compute(ReciprocalArraySum.java:141)
	at java.util.concurrent.RecursiveAction.exec(RecursiveAction.java:189)
	at java.util.concurrent.ForkJoinTask.doExec(ForkJoinTask.java:289)
	at java.util.concurrent.ForkJoinTask.externalAwaitDone(ForkJoinTask.java:326)
	at java.util.concurrent.ForkJoinTask.doJoin(ForkJoinTask.java:391)
	at java.util.concurrent.ForkJoinTask.invokeAll(ForkJoinTask.java:761)
	at edu.coursera.parallel.ReciprocalArraySum$ReciprocalArraySumTask.compute(ReciprocalArraySum.java:141)
	at java.util.concurrent.RecursiveAction.exec(RecursiveAction.java:189)
	at java.util.concurrent.ForkJoinTask.doExec(ForkJoinTask.java:289)
	at java.util.concurrent.ForkJoinTask.externalAwaitDone(ForkJoinTask.java:326)
	at java.util.concurrent.ForkJoinTask.doJoin(ForkJoinTask.java:391)
	at java.util.concurrent.ForkJoinTask.invokeAll(ForkJoinTask.java:761)
	at edu.coursera.parallel.ReciprocalArraySum$ReciprocalArraySumTask.compute(ReciprocalArraySum.java:141)
	at java.util.concurrent.RecursiveAction.exec(RecursiveAction.java:189)
	at java.util.concurrent.ForkJoinTask.doExec(ForkJoinTask.java:289)
	at java.util.concurrent.ForkJoinTask.externalAwaitDone(ForkJoinTask.java:326)
	at java.util.concurrent.ForkJoinTask.doJoin(ForkJoinTask.java:391)
	at java.util.concurrent.ForkJoinTask.invokeAll(ForkJoinTask.java:761)
	at edu.coursera.parallel.ReciprocalArraySum$ReciprocalArraySumTask.compute(ReciprocalArraySum.java:141)
	at java.util.concurrent.RecursiveAction.exec(RecursiveAction.java:189)
	at java.util.concurrent.ForkJoinTask.doExec(ForkJoinTask.java:289)
	at java.util.concurrent.ForkJoinTask.externalAwaitDone(ForkJoinTask.java:326)
	at java.util.concurrent.ForkJoinTask.doJoin(ForkJoinTask.java:391)
	at java.util.concurrent.ForkJoinTask.invokeAll(ForkJoinTask.java:761)
	at edu.coursera.parallel.ReciprocalArraySum$ReciprocalArraySumTask.compute(ReciprocalArraySum.java:141)
	at java.util.concurrent.RecursiveAction.exec(RecursiveAction.java:189)
	at java.util.concurrent.ForkJoinTask.doExec(ForkJoinTask.java:289)
	at java.util.concurrent.ForkJoinTask.externalAwaitDone(ForkJoinTask.java:326)
	at java.util.concurrent.ForkJoinTask.doJoin(ForkJoinTask.java:391)
	at java.util.concurrent.ForkJoinTask.invokeAll(ForkJoinTask.java:761)
	at edu.coursera.parallel.ReciprocalArraySum$ReciprocalArraySumTask.compute(ReciprocalArraySum.java:141)
	at java.util.concurrent.RecursiveAction.exec(RecursiveAction.java:189)
	at java.util.concurrent.ForkJoinTask.doExec(ForkJoinTask.java:289)
	at java.util.concurrent.ForkJoinTask.externalAwaitDone(ForkJoinTask.java:326)
	at java.util.concurrent.ForkJoinTask.doJoin(ForkJoinTask.java:391)
	at java.util.concurrent.ForkJoinTask.invokeAll(ForkJoinTask.java:761)
	at edu.coursera.parallel.ReciprocalArraySum$ReciprocalArraySumTask.compute(ReciprocalArraySum.java:141)
	at java.util.concurrent.RecursiveAction.exec(RecursiveAction.java:189)
	at java.util.concurrent.ForkJoinTask.doExec(ForkJoinTask.java:289)
	at java.util.concurrent.ForkJoinTask.externalAwaitDone(ForkJoinTask.java:326)
	at java.util.concurrent.ForkJoinTask.doJoin(ForkJoinTask.java:391)
	at java.util.concurrent.ForkJoinTask.invokeAll(ForkJoinTask.java:761)
	at edu.coursera.parallel.ReciprocalArraySum$ReciprocalArraySumTask.compute(ReciprocalArraySum.java:141)
	at java.util.concurrent.RecursiveAction.exec(RecursiveAction.java:189)
	at java.util.concurrent.ForkJoinTask.doExec(ForkJoinTask.java:289)
	at java.util.concurrent.ForkJoinTask.externalAwaitDone(ForkJoinTask.java:326)
	at java.util.concurrent.ForkJoinTask.doJoin(ForkJoinTask.java:391)
	at java.util.concurrent.ForkJoinTask.invokeAll(ForkJoinTask.java:761)
	at edu.coursera.parallel.ReciprocalArraySum$ReciprocalArraySumTask.compute(ReciprocalArraySum.java:141)
	at java.util.concurrent.RecursiveAction.exec(RecursiveAction.java:189)
	at java.util.concurrent.ForkJoinTask.doExec(ForkJoinTask.java:289)
	at java.util.concurrent.ForkJoinTask.externalAwaitDone(ForkJoinTask.java:326)
	at java.util.concurrent.ForkJoinTask.doJoin(ForkJoinTask.java:391)
	at java.util.concurrent.ForkJoinTask.invokeAll(ForkJoinTask.java:761)
	at edu.coursera.parallel.ReciprocalArraySum$ReciprocalArraySumTask.compute(ReciprocalArraySum.java:141)
	at java.util.concurrent.RecursiveAction.exec(RecursiveAction.java:189)
	at java.util.concurrent.ForkJoinTask.doExec(ForkJoinTask.java:289)
	at java.util.concurrent.ForkJoinTask.externalAwaitDone(ForkJoinTask.java:326)
	at java.util.concurrent.ForkJoinTask.doJoin(ForkJoinTask.java:391)
	at java.util.concurrent.ForkJoinTask.invokeAll(ForkJoinTask.java:761)
	at edu.coursera.parallel.ReciprocalArraySum$ReciprocalArraySumTask.compute(ReciprocalArraySum.java:141)
	at java.util.concurrent.RecursiveAction.exec(RecursiveAction.java:189)
	at java.util.concurrent.ForkJoinTask.doExec(ForkJoinTask.java:289)
	at java.util.concurrent.ForkJoinTask.externalAwaitDone(ForkJoinTask.java:326)
	at java.util.concurrent.ForkJoinTask.doJoin(ForkJoinTask.java:391)
	at java.util.concurrent.ForkJoinTask.invokeAll(ForkJoinTask.java:761)
	at edu.coursera.parallel.ReciprocalArraySum$ReciprocalArraySumTask.compute(ReciprocalArraySum.java:141)
	at java.util.concurrent.RecursiveAction.exec(RecursiveAction.java:189)
	at java.util.concurrent.ForkJoinTask.doExec(ForkJoinTask.java:289)
	at java.util.concurrent.ForkJoinTask.externalAwaitDone(ForkJoinTask.java:326)
	at java.util.concurrent.ForkJoinTask.doJoin(ForkJoinTask.java:391)
	at java.util.concurrent.ForkJoinTask.invokeAll(ForkJoinTask.java:761)
	at edu.coursera.parallel.ReciprocalArraySum$ReciprocalArraySumTask.compute(ReciprocalArraySum.java:141)
	at java.util.concurrent.RecursiveAction.exec(RecursiveAction.java:189)
	at java.util.concurrent.ForkJoinTask.doExec(ForkJoinTask.java:289)
	at java.util.concurrent.ForkJoinTask.externalAwaitDone(ForkJoinTask.java:326)
	at java.util.concurrent.ForkJoinTask.doJoin(ForkJoinTask.java:391)
	at java.util.concurrent.ForkJoinTask.invokeAll(ForkJoinTask.java:761)
	at edu.coursera.parallel.ReciprocalArraySum$ReciprocalArraySumTask.compute(ReciprocalArraySum.java:141)
	at java.util.concurrent.RecursiveAction.exec(RecursiveAction.java:189)
	at java.util.concurrent.ForkJoinTask.doExec(ForkJoinTask.java:289)
	at java.util.concurrent.ForkJoinTask.externalAwaitDone(ForkJoinTask.java:326)
	at java.util.concurrent.ForkJoinTask.doJoin(ForkJoinTask.java:391)
	at java.util.concurrent.ForkJoinTask.invokeAll(ForkJoinTask.java:761)
	at edu.coursera.parallel.ReciprocalArraySum$ReciprocalArraySumTask.compute(ReciprocalArraySum.java:141)
	at java.util.concurrent.RecursiveAction.exec(RecursiveAction.java:189)
	at java.util.concurrent.ForkJoinTask.doExec(ForkJoinTask.java:289)
	at java.util.concurrent.ForkJoinTask.externalAwaitDone(ForkJoinTask.java:326)
	at java.util.concurrent.ForkJoinTask.doJoin(ForkJoinTask.java:391)
	at java.util.concurrent.ForkJoinTask.invokeAll(ForkJoinTask.java:761)
	at edu.coursera.parallel.ReciprocalArraySum$ReciprocalArraySumTask.compute(ReciprocalArraySum.java:141)
	at java.util.concurrent.RecursiveAction.exec(RecursiveAction.java:189)
	at java.util.concurrent.ForkJoinTask.doExec(ForkJoinTask.java:289)
	at java.util.concurrent.ForkJoinTask.externalAwaitDone(ForkJoinTask.java:326)
	at java.util.concurrent.ForkJoinTask.doJoin(ForkJoinTask.java:391)
	at java.util.concurrent.ForkJoinTask.invokeAll(ForkJoinTask.java:761)
	at edu.coursera.parallel.ReciprocalArraySum$ReciprocalArraySumTask.compute(ReciprocalArraySum.java:141)
	at java.util.concurrent.RecursiveAction.exec(RecursiveAction.java:189)
	at java.util.concurrent.ForkJoinTask.doExec(ForkJoinTask.java:289)
	at java.util.concurrent.ForkJoinTask.externalAwaitDone(ForkJoinTask.java:326)
	at java.util.concurrent.ForkJoinTask.doJoin(ForkJoinTask.java:391)
	at java.util.concurrent.ForkJoinTask.invokeAll(ForkJoinTask.java:761)
	at edu.coursera.parallel.ReciprocalArraySum$ReciprocalArraySumTask.compute(ReciprocalArraySum.java:141)
	at java.util.concurrent.RecursiveAction.exec(RecursiveAction.java:189)
	at java.util.concurrent.ForkJoinTask.doExec(ForkJoinTask.java:289)
	at java.util.concurrent.ForkJoinTask.externalAwaitDone(ForkJoinTask.java:326)
	at java.util.concurrent.ForkJoinTask.doJoin(ForkJoinTask.java:391)
	at java.util.concurrent.ForkJoinTask.invokeAll(ForkJoinTask.java:761)
	at edu.coursera.parallel.ReciprocalArraySum$ReciprocalArraySumTask.compute(ReciprocalArraySum.java:141)
	at java.util.concurrent.RecursiveAction.exec(RecursiveAction.java:189)
	at java.util.concurrent.ForkJoinTask.doExec(ForkJoinTask.java:289)
	at java.util.concurrent.ForkJoinTask.externalAwaitDone(ForkJoinTask.java:326)
	at java.util.concurrent.ForkJoinTask.doJoin(ForkJoinTask.java:391)
	at java.util.concurrent.ForkJoinTask.invokeAll(ForkJoinTask.java:761)
	at edu.coursera.parallel.ReciprocalArraySum$ReciprocalArraySumTask.compute(ReciprocalArraySum.java:141)
	at java.util.concurrent.RecursiveAction.exec(RecursiveAction.java:189)
	at java.util.concurrent.ForkJoinTask.doExec(ForkJoinTask.java:289)
	at java.util.concurrent.ForkJoinTask.externalAwaitDone(ForkJoinTask.java:326)
	at java.util.concurrent.ForkJoinTask.doJoin(ForkJoinTask.java:391)
	at java.util.concurrent.ForkJoinTask.invokeAll(ForkJoinTask.java:761)
	at edu.coursera.parallel.ReciprocalArraySum$ReciprocalArraySumTask.compute(ReciprocalArraySum.java:141)
	at java.util.concurrent.RecursiveAction.exec(RecursiveAction.java:189)
	at java.util.concurrent.ForkJoinTask.doExec(ForkJoinTask.java:289)
	at java.util.concurrent.ForkJoinTask.externalAwaitDone(ForkJoinTask.java:326)
	at java.util.concurrent.ForkJoinTask.doJoin(ForkJoinTask.java:391)
	at java.util.concurrent.ForkJoinTask.invokeAll(ForkJoinTask.java:761)
	at edu.coursera.parallel.ReciprocalArraySum$ReciprocalArraySumTask.compute(ReciprocalArraySum.java:141)
	at java.util.concurrent.RecursiveAction.exec(RecursiveAction.java:189)
	at java.util.concurrent.ForkJoinTask.doExec(ForkJoinTask.java:289)
	at java.util.concurrent.ForkJoinTask.externalAwaitDone(ForkJoinTask.java:326)
	at java.util.concurrent.ForkJoinTask.doJoin(ForkJoinTask.java:391)
	at java.util.concurrent.ForkJoinTask.invokeAll(ForkJoinTask.java:761)
	at edu.coursera.parallel.ReciprocalArraySum$ReciprocalArraySumTask.compute(ReciprocalArraySum.java:141)
	at java.util.concurrent.RecursiveAction.exec(RecursiveAction.java:189)
	at java.util.concurrent.ForkJoinTask.doExec(ForkJoinTask.java:289)
	at java.util.concurrent.ForkJoinTask.externalAwaitDone(ForkJoinTask.java:326)
	at java.util.concurrent.ForkJoinTask.doJoin(ForkJoinTask.java:391)
	at java.util.concurrent.ForkJoinTask.invokeAll(ForkJoinTask.java:761)
	at edu.coursera.parallel.ReciprocalArraySum$ReciprocalArraySumTask.compute(ReciprocalArraySum.java:141)
	at java.util.concurrent.RecursiveAction.exec(RecursiveAction.java:189)
	at java.util.concurrent.ForkJoinTask.doExec(ForkJoinTask.java:289)
	at java.util.concurrent.ForkJoinTask.externalAwaitDone(ForkJoinTask.java:326)
	at java.util.concurrent.ForkJoinTask.doJoin(ForkJoinTask.java:391)
	at java.util.concurrent.ForkJoinTask.invokeAll(ForkJoinTask.java:761)
	at edu.coursera.parallel.ReciprocalArraySum$ReciprocalArraySumTask.compute(ReciprocalArraySum.java:141)
	at java.util.concurrent.RecursiveAction.exec(RecursiveAction.java:189)
	at java.util.concurrent.ForkJoinTask.doExec(ForkJoinTask.java:289)
	at java.util.concurrent.ForkJoinTask.externalAwaitDone(ForkJoinTask.java:326)
	at java.util.concurrent.ForkJoinTask.doJoin(ForkJoinTask.java:391)
	at java.util.concurrent.ForkJoinTask.invokeAll(ForkJoinTask.java:761)
	at edu.coursera.parallel.ReciprocalArraySum$ReciprocalArraySumTask.compute(ReciprocalArraySum.java:141)
	at java.util.concurrent.RecursiveAction.exec(RecursiveAction.java:189)
	at java.util.concurrent.ForkJoinTask.doExec(ForkJoinTask.java:289)
	at java.util.concurrent.ForkJoinTask.externalAwaitDone(ForkJoinTask.java:326)
	at java.util.concurrent.ForkJoinTask.doJoin(ForkJoinTask.java:391)
	at java.util.concurrent.ForkJoinTask.invokeAll(ForkJoinTask.java:761)
	at edu.coursera.parallel.ReciprocalArraySum$ReciprocalArraySumTask.compute(ReciprocalArraySum.java:141)
	at java.util.concurrent.RecursiveAction.exec(RecursiveAction.java:189)
	at java.util.concurrent.ForkJoinTask.doExec(ForkJoinTask.java:289)
	at java.util.concurrent.ForkJoinTask.externalAwaitDone(ForkJoinTask.java:326)
	at java.util.concurrent.ForkJoinTask.doJoin(ForkJoinTask.java:391)
	at java.util.concurrent.ForkJoinTask.invokeAll(ForkJoinTask.java:761)
	at edu.coursera.parallel.ReciprocalArraySum$ReciprocalArraySumTask.compute(ReciprocalArraySum.java:141)
	at java.util.concurrent.RecursiveAction.exec(RecursiveAction.java:189)
	at java.util.concurrent.ForkJoinTask.doExec(ForkJoinTask.java:289)
	at java.util.concurrent.ForkJoinTask.externalAwaitDone(ForkJoinTask.java:326)
	at java.util.concurrent.ForkJoinTask.doJoin(ForkJoinTask.java:391)
	at java.util.concurrent.ForkJoinTask.invokeAll(ForkJoinTask.java:761)
	at edu.coursera.parallel.ReciprocalArraySum$ReciprocalArraySumTask.compute(ReciprocalArraySum.java:141)
	at java.util.concurrent.RecursiveAction.exec(RecursiveAction.java:189)
	at java.util.concurrent.ForkJoinTask.doExec(ForkJoinTask.java:289)
	at java.util.concurrent.ForkJoinTask.externalAwaitDone(ForkJoinTask.java:326)
	at java.util.concurrent.ForkJoinTask.doJoin(ForkJoinTask.java:391)
	at java.util.concurrent.ForkJoinTask.invokeAll(ForkJoinTask.java:761)
	at edu.coursera.parallel.ReciprocalArraySum$ReciprocalArraySumTask.compute(ReciprocalArraySum.java:141)
	at java.util.concurrent.RecursiveAction.exec(RecursiveAction.java:189)
	at java.util.concurrent.ForkJoinTask.doExec(ForkJoinTask.java:289)
	at java.util.concurrent.ForkJoinTask.externalAwaitDone(ForkJoinTask.java:326)
	at java.util.concurrent.ForkJoinTask.doJoin(ForkJoinTask.java:391)
	at java.util.concurrent.ForkJoinTask.invokeAll(ForkJoinTask.java:761)
	at edu.coursera.parallel.ReciprocalArraySum$ReciprocalArraySumTask.compute(ReciprocalArraySum.java:141)
	at java.util.concurrent.RecursiveAction.exec(RecursiveAction.java:189)
	at java.util.concurrent.ForkJoinTask.doExec(ForkJoinTask.java:289)
	at java.util.concurrent.ForkJoinTask.externalAwaitDone(ForkJoinTask.java:326)
	at java.util.concurrent.ForkJoinTask.doJoin(ForkJoinTask.java:391)
	at java.util.concurrent.ForkJoinTask.invokeAll(ForkJoinTask.java:761)
	at edu.coursera.parallel.ReciprocalArraySum$ReciprocalArraySumTask.compute(ReciprocalArraySum.java:141)
	at java.util.concurrent.RecursiveAction.exec(RecursiveAction.java:189)
	at java.util.concurrent.ForkJoinTask.doExec(ForkJoinTask.java:289)
	at java.util.concurrent.ForkJoinTask.externalAwaitDone(ForkJoinTask.java:326)
	at java.util.concurrent.ForkJoinTask.doJoin(ForkJoinTask.java:391)
	at java.util.concurrent.ForkJoinTask.invokeAll(ForkJoinTask.java:761)
	at edu.coursera.parallel.ReciprocalArraySum$ReciprocalArraySumTask.compute(ReciprocalArraySum.java:141)
	at java.util.concurrent.RecursiveAction.exec(RecursiveAction.java:189)
	at java.util.concurrent.ForkJoinTask.doExec(ForkJoinTask.java:289)
	at java.util.concurrent.ForkJoinTask.externalAwaitDone(ForkJoinTask.java:326)
	at java.util.concurrent.ForkJoinTask.doJoin(ForkJoinTask.java:391)
	at java.util.concurrent.ForkJoinTask.invokeAll(ForkJoinTask.java:761)
	at edu.coursera.parallel.ReciprocalArraySum$ReciprocalArraySumTask.compute(ReciprocalArraySum.java:141)
	at java.util.concurrent.RecursiveAction.exec(RecursiveAction.java:189)
	at java.util.concurrent.ForkJoinTask.doExec(ForkJoinTask.java:289)
	at java.util.concurrent.ForkJoinTask.externalAwaitDone(ForkJoinTask.java:326)
	at java.util.concurrent.ForkJoinTask.doJoin(ForkJoinTask.java:391)
	at java.util.concurrent.ForkJoinTask.invokeAll(ForkJoinTask.java:761)
	at edu.coursera.parallel.ReciprocalArraySum$ReciprocalArraySumTask.compute(ReciprocalArraySum.java:141)
	at java.util.concurrent.RecursiveAction.exec(RecursiveAction.java:189)
	at java.util.concurrent.ForkJoinTask.doExec(ForkJoinTask.java:289)
	at java.util.concurrent.ForkJoinTask.externalAwaitDone(ForkJoinTask.java:326)
	at java.util.concurrent.ForkJoinTask.doJoin(ForkJoinTask.java:391)
	at java.util.concurrent.ForkJoinTask.invokeAll(ForkJoinTask.java:761)
	at edu.coursera.parallel.ReciprocalArraySum$ReciprocalArraySumTask.compute(ReciprocalArraySum.java:141)
	at java.util.concurrent.RecursiveAction.exec(RecursiveAction.java:189)
	at java.util.concurrent.ForkJoinTask.doExec(ForkJoinTask.java:289)
	at java.util.concurrent.ForkJoinTask.externalAwaitDone(ForkJoinTask.java:326)
	at java.util.concurrent.ForkJoinTask.doJoin(ForkJoinTask.java:391)
	at java.util.concurrent.ForkJoinTask.invokeAll(ForkJoinTask.java:761)
	at edu.coursera.parallel.ReciprocalArraySum$ReciprocalArraySumTask.compute(ReciprocalArraySum.java:141)
	at java.util.concurrent.RecursiveAction.exec(RecursiveAction.java:189)
	at java.util.concurrent.ForkJoinTask.doExec(ForkJoinTask.java:289)
	at java.util.concurrent.ForkJoinTask.externalAwaitDone(ForkJoinTask.java:326)
	at java.util.concurrent.ForkJoinTask.doJoin(ForkJoinTask.java:391)
	at java.util.concurrent.ForkJoinTask.invokeAll(ForkJoinTask.java:761)
	at edu.coursera.parallel.ReciprocalArraySum$ReciprocalArraySumTask.compute(ReciprocalArraySum.java:141)
	at java.util.concurrent.RecursiveAction.exec(RecursiveAction.java:189)
	at java.util.concurrent.ForkJoinTask.doExec(ForkJoinTask.java:289)
	at java.util.concurrent.ForkJoinTask.externalAwaitDone(ForkJoinTask.java:326)
	at java.util.concurrent.ForkJoinTask.doJoin(ForkJoinTask.java:391)
	at java.util.concurrent.ForkJoinTask.invokeAll(ForkJoinTask.java:761)
	at edu.coursera.parallel.ReciprocalArraySum$ReciprocalArraySumTask.compute(ReciprocalArraySum.java:141)
	at java.util.concurrent.RecursiveAction.exec(RecursiveAction.java:189)
	at java.util.concurrent.ForkJoinTask.doExec(ForkJoinTask.java:289)
	at java.util.concurrent.ForkJoinTask.externalAwaitDone(ForkJoinTask.java:326)
	at java.util.concurrent.ForkJoinTask.doJoin(ForkJoinTask.java:391)
	at java.util.concurrent.ForkJoinTask.invokeAll(ForkJoinTask.java:761)
	at edu.coursera.parallel.ReciprocalArraySum$ReciprocalArraySumTask.compute(ReciprocalArraySum.java:141)
	at java.util.concurrent.RecursiveAction.exec(RecursiveAction.java:189)
	at java.util.concurrent.ForkJoinTask.doExec(ForkJoinTask.java:289)
	at java.util.concurrent.ForkJoinTask.externalAwaitDone(ForkJoinTask.java:326)
	at java.util.concurrent.ForkJoinTask.doJoin(ForkJoinTask.java:391)
	at java.util.concurrent.ForkJoinTask.invokeAll(ForkJoinTask.java:761)
	at edu.coursera.parallel.ReciprocalArraySum$ReciprocalArraySumTask.compute(ReciprocalArraySum.java:141)
	at java.util.concurrent.RecursiveAction.exec(RecursiveAction.java:189)
	at java.util.concurrent.ForkJoinTask.doExec(ForkJoinTask.java:289)
	at java.util.concurrent.ForkJoinTask.externalAwaitDone(ForkJoinTask.java:326)
	at java.util.concurrent.ForkJoinTask.doJoin(ForkJoinTask.java:391)
	at java.util.concurrent.ForkJoinTask.invokeAll(ForkJoinTask.java:761)
	at edu.coursera.parallel.ReciprocalArraySum$ReciprocalArraySumTask.compute(ReciprocalArraySum.java:141)
	at java.util.concurrent.RecursiveAction.exec(RecursiveAction.java:189)
	at java.util.concurrent.ForkJoinTask.doExec(ForkJoinTask.java:289)
	at java.util.concurrent.ForkJoinTask.externalAwaitDone(ForkJoinTask.java:326)
	at java.util.concurrent.ForkJoinTask.doJoin(ForkJoinTask.java:391)
	at java.util.concurrent.ForkJoinTask.invokeAll(ForkJoinTask.java:761)
	at edu.coursera.parallel.ReciprocalArraySum$ReciprocalArraySumTask.compute(ReciprocalArraySum.java:141)
	at java.util.concurrent.RecursiveAction.exec(RecursiveAction.java:189)
	at java.util.concurrent.ForkJoinTask.doExec(ForkJoinTask.java:289)
	at java.util.concurrent.ForkJoinTask.externalAwaitDone(ForkJoinTask.java:326)
	at java.util.concurrent.ForkJoinTask.doJoin(ForkJoinTask.java:391)
	at java.util.concurrent.ForkJoinTask.invokeAll(ForkJoinTask.java:761)
	at edu.coursera.parallel.ReciprocalArraySum$ReciprocalArraySumTask.compute(ReciprocalArraySum.java:141)
	at java.util.concurrent.RecursiveAction.exec(RecursiveAction.java:189)
	at java.util.concurrent.ForkJoinTask.doExec(ForkJoinTask.java:289)
	at java.util.concurrent.ForkJoinTask.externalAwaitDone(ForkJoinTask.java:326)
	at java.util.concurrent.ForkJoinTask.doJoin(ForkJoinTask.java:391)
	at java.util.concurrent.ForkJoinTask.invokeAll(ForkJoinTask.java:761)
	at edu.coursera.parallel.ReciprocalArraySum$ReciprocalArraySumTask.compute(ReciprocalArraySum.java:141)
	at java.util.concurrent.RecursiveAction.exec(RecursiveAction.java:189)
	at java.util.concurrent.ForkJoinTask.doExec(ForkJoinTask.java:289)
	at java.util.concurrent.ForkJoinTask.externalAwaitDone(ForkJoinTask.java:326)
	at java.util.concurrent.ForkJoinTask.doJoin(ForkJoinTask.java:391)
	at java.util.concurrent.ForkJoinTask.invokeAll(ForkJoinTask.java:761)
	at edu.coursera.parallel.ReciprocalArraySum$ReciprocalArraySumTask.compute(ReciprocalArraySum.java:141)
	at java.util.concurrent.RecursiveAction.exec(RecursiveAction.java:189)
	at java.util.concurrent.ForkJoinTask.doExec(ForkJoinTask.java:289)
	at java.util.concurrent.ForkJoinTask.externalAwaitDone(ForkJoinTask.java:326)
	at java.util.concurrent.ForkJoinTask.doJoin(ForkJoinTask.java:391)
	at java.util.concurrent.ForkJoinTask.invokeAll(ForkJoinTask.java:761)
	at edu.coursera.parallel.ReciprocalArraySum$ReciprocalArraySumTask.compute(ReciprocalArraySum.java:141)
	at java.util.concurrent.RecursiveAction.exec(RecursiveAction.java:189)
	at java.util.concurrent.ForkJoinTask.doExec(ForkJoinTask.java:289)
	at java.util.concurrent.ForkJoinTask.externalAwaitDone(ForkJoinTask.java:326)
	at java.util.concurrent.ForkJoinTask.doJoin(ForkJoinTask.java:391)
	at java.util.concurrent.ForkJoinTask.invokeAll(ForkJoinTask.java:761)
	at edu.coursera.parallel.ReciprocalArraySum$ReciprocalArraySumTask.compute(ReciprocalArraySum.java:141)
	at java.util.concurrent.RecursiveAction.exec(RecursiveAction.java:189)
	at java.util.concurrent.ForkJoinTask.doExec(ForkJoinTask.java:289)
	at java.util.concurrent.ForkJoinTask.externalAwaitDone(ForkJoinTask.java:326)
	at java.util.concurrent.ForkJoinTask.doJoin(ForkJoinTask.java:391)
	at java.util.concurrent.ForkJoinTask.invokeAll(ForkJoinTask.java:761)
	at edu.coursera.parallel.ReciprocalArraySum$ReciprocalArraySumTask.compute(ReciprocalArraySum.java:141)
	at java.util.concurrent.RecursiveAction.exec(RecursiveAction.java:189)
	at java.util.concurrent.ForkJoinTask.doExec(ForkJoinTask.java:289)
	at java.util.concurrent.ForkJoinTask.externalAwaitDone(ForkJoinTask.java:326)
	at java.util.concurrent.ForkJoinTask.doJoin(ForkJoinTask.java:391)
	at java.util.concurrent.ForkJoinTask.invokeAll(ForkJoinTask.java:761)
	at edu.coursera.parallel.ReciprocalArraySum$ReciprocalArraySumTask.compute(ReciprocalArraySum.java:141)
	at java.util.concurrent.RecursiveAction.exec(RecursiveAction.java:189)
	at java.util.concurrent.ForkJoinTask.doExec(ForkJoinTask.java:289)
	at java.util.concurrent.ForkJoinTask.externalAwaitDone(ForkJoinTask.java:326)
	at java.util.concurrent.ForkJoinTask.doJoin(ForkJoinTask.java:391)
	at java.util.concurrent.ForkJoinTask.invokeAll(ForkJoinTask.java:761)
	at edu.coursera.parallel.ReciprocalArraySum$ReciprocalArraySumTask.compute(ReciprocalArraySum.java:141)
	at java.util.concurrent.RecursiveAction.exec(RecursiveAction.java:189)
	at java.util.concurrent.ForkJoinTask.doExec(ForkJoinTask.java:289)
	at java.util.concurrent.ForkJoinTask.externalAwaitDone(ForkJoinTask.java:326)
	at java.util.concurrent.ForkJoinTask.doJoin(ForkJoinTask.java:391)
	at java.util.concurrent.ForkJoinTask.invokeAll(ForkJoinTask.java:761)
	at edu.coursera.parallel.ReciprocalArraySum$ReciprocalArraySumTask.compute(ReciprocalArraySum.java:141)
	at java.util.concurrent.RecursiveAction.exec(RecursiveAction.java:189)
	at java.util.concurrent.ForkJoinTask.doExec(ForkJoinTask.java:289)
	at java.util.concurrent.ForkJoinTask.externalAwaitDone(ForkJoinTask.java:326)
	at java.util.concurrent.ForkJoinTask.doJoin(ForkJoinTask.java:391)
	at java.util.concurrent.ForkJoinTask.invokeAll(ForkJoinTask.java:761)
	at edu.coursera.parallel.ReciprocalArraySum$ReciprocalArraySumTask.compute(ReciprocalArraySum.java:141)
	at java.util.concurrent.RecursiveAction.exec(RecursiveAction.java:189)
	at java.util.concurrent.ForkJoinTask.doExec(ForkJoinTask.java:289)
	at java.util.concurrent.ForkJoinTask.externalAwaitDone(ForkJoinTask.java:326)
	at java.util.concurrent.ForkJoinTask.doJoin(ForkJoinTask.java:391)
	at java.util.concurrent.ForkJoinTask.invokeAll(ForkJoinTask.java:761)
	at edu.coursera.parallel.ReciprocalArraySum$ReciprocalArraySumTask.compute(ReciprocalArraySum.java:141)
	at java.util.concurrent.RecursiveAction.exec(RecursiveAction.java:189)
	at java.util.concurrent.ForkJoinTask.doExec(ForkJoinTask.java:289)
	at java.util.concurrent.ForkJoinTask.externalAwaitDone(ForkJoinTask.java:326)
	at java.util.concurrent.ForkJoinTask.doJoin(ForkJoinTask.java:391)
	at java.util.concurrent.ForkJoinTask.invokeAll(ForkJoinTask.java:761)
	at edu.coursera.parallel.ReciprocalArraySum$ReciprocalArraySumTask.compute(ReciprocalArraySum.java:141)
	at java.util.concurrent.RecursiveAction.exec(RecursiveAction.java:189)
	at java.util.concurrent.ForkJoinTask.doExec(ForkJoinTask.java:289)
	at java.util.concurrent.ForkJoinTask.externalAwaitDone(ForkJoinTask.java:326)
	at java.util.concurrent.ForkJoinTask.doJoin(ForkJoinTask.java:391)
	at java.util.concurrent.ForkJoinTask.invokeAll(ForkJoinTask.java:761)
	at edu.coursera.parallel.ReciprocalArraySum$ReciprocalArraySumTask.compute(ReciprocalArraySum.java:141)
	at java.util.concurrent.RecursiveAction.exec(RecursiveAction.java:189)
	at java.util.concurrent.ForkJoinTask.doExec(ForkJoinTask.java:289)
	at java.util.concurrent.ForkJoinTask.externalAwaitDone(ForkJoinTask.java:326)
	at java.util.concurrent.ForkJoinTask.doJoin(ForkJoinTask.java:391)
	at java.util.concurrent.ForkJoinTask.invokeAll(ForkJoinTask.java:761)
	at edu.coursera.parallel.ReciprocalArraySum$ReciprocalArraySumTask.compute(ReciprocalArraySum.java:141)
	at java.util.concurrent.RecursiveAction.exec(RecursiveAction.java:189)
	at java.util.concurrent.ForkJoinTask.doExec(ForkJoinTask.java:289)
	at java.util.concurrent.ForkJoinTask.externalAwaitDone(ForkJoinTask.java:326)
	at java.util.concurrent.ForkJoinTask.doJoin(ForkJoinTask.java:391)
	at java.util.concurrent.ForkJoinTask.invokeAll(ForkJoinTask.java:761)
	at edu.coursera.parallel.ReciprocalArraySum$ReciprocalArraySumTask.compute(ReciprocalArraySum.java:141)
	at java.util.concurrent.RecursiveAction.exec(RecursiveAction.java:189)
	at java.util.concurrent.ForkJoinTask.doExec(ForkJoinTask.java:289)
	at java.util.concurrent.ForkJoinTask.externalAwaitDone(ForkJoinTask.java:326)
	at java.util.concurrent.ForkJoinTask.doJoin(ForkJoinTask.java:391)
	at java.util.concurrent.ForkJoinTask.invokeAll(ForkJoinTask.java:761)
	at edu.coursera.parallel.ReciprocalArraySum$ReciprocalArraySumTask.compute(ReciprocalArraySum.java:141)
	at java.util.concurrent.RecursiveAction.exec(RecursiveAction.java:189)
	at java.util.concurrent.ForkJoinTask.doExec(ForkJoinTask.java:289)
	at java.util.concurrent.ForkJoinTask.externalAwaitDone(ForkJoinTask.java:326)
	at java.util.concurrent.ForkJoinTask.doJoin(ForkJoinTask.java:391)
	at java.util.concurrent.ForkJoinTask.invokeAll(ForkJoinTask.java:761)
	at edu.coursera.parallel.ReciprocalArraySum$ReciprocalArraySumTask.compute(ReciprocalArraySum.java:141)
	at java.util.concurrent.RecursiveAction.exec(RecursiveAction.java:189)
	at java.util.concurrent.ForkJoinTask.doExec(ForkJoinTask.java:289)
	at java.util.concurrent.ForkJoinTask.externalAwaitDone(ForkJoinTask.java:326)
	at java.util.concurrent.ForkJoinTask.doJoin(ForkJoinTask.java:391)
	at java.util.concurrent.ForkJoinTask.invokeAll(ForkJoinTask.java:761)
	at edu.coursera.parallel.ReciprocalArraySum$ReciprocalArraySumTask.compute(ReciprocalArraySum.java:141)
	at java.util.concurrent.RecursiveAction.exec(RecursiveAction.java:189)
	at java.util.concurrent.ForkJoinTask.doExec(ForkJoinTask.java:289)
	at java.util.concurrent.ForkJoinTask.externalAwaitDone(ForkJoinTask.java:326)
	at java.util.concurrent.ForkJoinTask.doJoin(ForkJoinTask.java:391)
	at java.util.concurrent.ForkJoinTask.invokeAll(ForkJoinTask.java:761)
	at edu.coursera.parallel.ReciprocalArraySum$ReciprocalArraySumTask.compute(ReciprocalArraySum.java:141)
	at java.util.concurrent.RecursiveAction.exec(RecursiveAction.java:189)
	at java.util.concurrent.ForkJoinTask.doExec(ForkJoinTask.java:289)
	at java.util.concurrent.ForkJoinTask.externalAwaitDone(ForkJoinTask.java:326)
	at java.util.concurrent.ForkJoinTask.doJoin(ForkJoinTask.java:391)
	at java.util.concurrent.ForkJoinTask.invokeAll(ForkJoinTask.java:761)
	at edu.coursera.parallel.ReciprocalArraySum$ReciprocalArraySumTask.compute(ReciprocalArraySum.java:141)
	at java.util.concurrent.RecursiveAction.exec(RecursiveAction.java:189)
	at java.util.concurrent.ForkJoinTask.doExec(ForkJoinTask.java:289)
	at java.util.concurrent.ForkJoinTask.externalAwaitDone(ForkJoinTask.java:326)
	at java.util.concurrent.ForkJoinTask.doJoin(ForkJoinTask.java:391)
	at java.util.concurrent.ForkJoinTask.invokeAll(ForkJoinTask.java:761)
	at edu.coursera.parallel.ReciprocalArraySum$ReciprocalArraySumTask.compute(ReciprocalArraySum.java:141)
	at java.util.concurrent.RecursiveAction.exec(RecursiveAction.java:189)
	at java.util.concurrent.ForkJoinTask.doExec(ForkJoinTask.java:289)
	at java.util.concurrent.ForkJoinTask.externalAwaitDone(ForkJoinTask.java:326)
	at java.util.concurrent.ForkJoinTask.doJoin(ForkJoinTask.java:391)
	at java.util.concurrent.ForkJoinTask.invokeAll(ForkJoinTask.java:761)
	at edu.coursera.parallel.ReciprocalArraySum$ReciprocalArraySumTask.compute(ReciprocalArraySum.java:141)
	at java.util.concurrent.RecursiveAction.exec(RecursiveAction.java:189)
	at java.util.concurrent.ForkJoinTask.doExec(ForkJoinTask.java:289)
	at java.util.concurrent.ForkJoinTask.externalAwaitDone(ForkJoinTask.java:326)
	at java.util.concurrent.ForkJoinTask.doJoin(ForkJoinTask.java:391)
	at java.util.concurrent.ForkJoinTask.invokeAll(ForkJoinTask.java:761)
	at edu.coursera.parallel.ReciprocalArraySum$ReciprocalArraySumTask.compute(ReciprocalArraySum.java:141)
	at java.util.concurrent.RecursiveAction.exec(RecursiveAction.java:189)
	at java.util.concurrent.ForkJoinTask.doExec(ForkJoinTask.java:289)
	at java.util.concurrent.ForkJoinTask.externalAwaitDone(ForkJoinTask.java:326)
	at java.util.concurrent.ForkJoinTask.doJoin(ForkJoinTask.java:391)
	at java.util.concurrent.ForkJoinTask.invokeAll(ForkJoinTask.java:761)
	at edu.coursera.parallel.ReciprocalArraySum$ReciprocalArraySumTask.compute(ReciprocalArraySum.java:141)
	at java.util.concurrent.RecursiveAction.exec(RecursiveAction.java:189)
	at java.util.concurrent.ForkJoinTask.doExec(ForkJoinTask.java:289)
	at java.util.concurrent.ForkJoinTask.externalAwaitDone(ForkJoinTask.java:326)
	at java.util.concurrent.ForkJoinTask.doJoin(ForkJoinTask.java:391)
	at java.util.concurrent.ForkJoinTask.invokeAll(ForkJoinTask.java:761)
	at edu.coursera.parallel.ReciprocalArraySum$ReciprocalArraySumTask.compute(ReciprocalArraySum.java:141)
	at java.util.concurrent.RecursiveAction.exec(RecursiveAction.java:189)
	at java.util.concurrent.ForkJoinTask.doExec(ForkJoinTask.java:289)
	at java.util.concurrent.ForkJoinTask.externalAwaitDone(ForkJoinTask.java:326)
	at java.util.concurrent.ForkJoinTask.doJoin(ForkJoinTask.java:391)
	at java.util.concurrent.ForkJoinTask.invokeAll(ForkJoinTask.java:761)
	at edu.coursera.parallel.ReciprocalArraySum$ReciprocalArraySumTask.compute(ReciprocalArraySum.java:141)
	at java.util.concurrent.RecursiveAction.exec(RecursiveAction.java:189)
	at java.util.concurrent.ForkJoinTask.doExec(ForkJoinTask.java:289)
	at java.util.concurrent.ForkJoinTask.externalAwaitDone(ForkJoinTask.java:326)
	at java.util.concurrent.ForkJoinTask.doJoin(ForkJoinTask.java:391)
	at java.util.concurrent.ForkJoinTask.invokeAll(ForkJoinTask.java:761)
	at edu.coursera.parallel.ReciprocalArraySum$ReciprocalArraySumTask.compute(ReciprocalArraySum.java:141)
	at java.util.concurrent.RecursiveAction.exec(RecursiveAction.java:189)
	at java.util.concurrent.ForkJoinTask.doExec(ForkJoinTask.java:289)
	at java.util.concurrent.ForkJoinTask.doInvoke(ForkJoinTask.java:401)
	at java.util.concurrent.ForkJoinTask.invokeAll(ForkJoinTask.java:759)
	at edu.coursera.parallel.ReciprocalArraySum$ReciprocalArraySumTask.compute(ReciprocalArraySum.java:141)
	at java.util.concurrent.RecursiveAction.exec(RecursiveAction.java:189)
	at java.util.concurrent.ForkJoinTask.doExec(ForkJoinTask.java:289)
	at java.util.concurrent.ForkJoinTask.doInvoke(ForkJoinTask.java:401)
	at java.util.concurrent.ForkJoinTask.invokeAll(ForkJoinTask.java:759)
	at edu.coursera.parallel.ReciprocalArraySum$ReciprocalArraySumTask.compute(ReciprocalArraySum.java:141)
	at java.util.concurrent.RecursiveAction.exec(RecursiveAction.java:189)
	at java.util.concurrent.ForkJoinTask.doExec(ForkJoinTask.java:289)
	at java.util.concurrent.ForkJoinTask.doInvoke(ForkJoinTask.java:401)
	at java.util.concurrent.ForkJoinTask.invokeAll(ForkJoinTask.java:759)
	at edu.coursera.parallel.ReciprocalArraySum$ReciprocalArraySumTask.compute(ReciprocalArraySum.java:141)
	at java.util.concurrent.RecursiveAction.exec(RecursiveAction.java:189)
	at java.util.concurrent.ForkJoinTask.doExec(ForkJoinTask.java:289)
	at java.util.concurrent.ForkJoinTask.doInvoke(ForkJoinTask.java:401)
	at java.util.concurrent.ForkJoinTask.invokeAll(ForkJoinTask.java:759)
	at edu.coursera.parallel.ReciprocalArraySum$ReciprocalArraySumTask.compute(ReciprocalArraySum.java:141)
	at java.util.concurrent.RecursiveAction.exec(RecursiveAction.java:189)
	at java.util.concurrent.ForkJoinTask.doExec(ForkJoinTask.java:289)
	at java.util.concurrent.ForkJoinTask.doInvoke(ForkJoinTask.java:401)
	at java.util.concurrent.ForkJoinTask.invokeAll(ForkJoinTask.java:759)
	at edu.coursera.parallel.ReciprocalArraySum$ReciprocalArraySumTask.compute(ReciprocalArraySum.java:141)
	at java.util.concurrent.RecursiveAction.exec(RecursiveAction.java:189)
	at java.util.concurrent.ForkJoinTask.doExec(ForkJoinTask.java:289)
	at java.util.concurrent.ForkJoinTask.doInvoke(ForkJoinTask.java:401)
	at java.util.concurrent.ForkJoinTask.invokeAll(ForkJoinTask.java:759)
	at edu.coursera.parallel.ReciprocalArraySum$ReciprocalArraySumTask.compute(ReciprocalArraySum.java:141)
	at java.util.concurrent.RecursiveAction.exec(RecursiveAction.java:189)
	at java.util.concurrent.ForkJoinTask.doExec(ForkJoinTask.java:289)
	at java.util.concurrent.ForkJoinTask.doInvoke(ForkJoinTask.java:401)
	at java.util.concurrent.ForkJoinTask.invokeAll(ForkJoinTask.java:759)
	at edu.coursera.parallel.ReciprocalArraySum$ReciprocalArraySumTask.compute(ReciprocalArraySum.java:141)
	at java.util.concurrent.RecursiveAction.exec(RecursiveAction.java:189)
	at java.util.concurrent.ForkJoinTask.doExec(ForkJoinTask.java:289)
	at java.util.concurrent.ForkJoinTask.doInvoke(ForkJoinTask.java:401)
	at java.util.concurrent.ForkJoinTask.invokeAll(ForkJoinTask.java:759)
	at edu.coursera.parallel.ReciprocalArraySum$ReciprocalArraySumTask.compute(ReciprocalArraySum.java:141)
	at java.util.concurrent.RecursiveAction.exec(RecursiveAction.java:189)
	at java.util.concurrent.ForkJoinTask.doExec(ForkJoinTask.java:289)
	at java.util.concurrent.ForkJoinTask.doInvoke(ForkJoinTask.java:401)
	at java.util.concurrent.ForkJoinTask.invokeAll(ForkJoinTask.java:759)
	at edu.coursera.parallel.ReciprocalArraySum$ReciprocalArraySumTask.compute(ReciprocalArraySum.java:141)
	at java.util.concurrent.RecursiveAction.exec(RecursiveAction.java:189)
	at java.util.concurrent.ForkJoinTask.doExec(ForkJoinTask.java:289)
	at java.util.concurrent.ForkJoinTask.doInvoke(ForkJoinTask.java:401)
	at java.util.concurrent.ForkJoinTask.invokeAll(ForkJoinTask.java:759)
	at edu.coursera.parallel.ReciprocalArraySum$ReciprocalArraySumTask.compute(ReciprocalArraySum.java:141)
	at java.util.concurrent.RecursiveAction.exec(RecursiveAction.java:189)
	at java.util.concurrent.ForkJoinTask.doExec(ForkJoinTask.java:289)
	at java.util.concurrent.ForkJoinTask.doInvoke(ForkJoinTask.java:401)
	at java.util.concurrent.ForkJoinTask.invokeAll(ForkJoinTask.java:759)
	at edu.coursera.parallel.ReciprocalArraySum$ReciprocalArraySumTask.compute(ReciprocalArraySum.java:141)
	at java.util.concurrent.RecursiveAction.exec(RecursiveAction.java:189)
	at java.util.concurrent.ForkJoinTask.doExec(ForkJoinTask.java:289)
	at java.util.concurrent.ForkJoinTask.doInvoke(ForkJoinTask.java:401)
	at java.util.concurrent.ForkJoinTask.invokeAll(ForkJoinTask.java:759)
	at edu.coursera.parallel.ReciprocalArraySum$ReciprocalArraySumTask.compute(ReciprocalArraySum.java:141)
	at java.util.concurrent.RecursiveAction.exec(RecursiveAction.java:189)
	at java.util.concurrent.ForkJoinTask.doExec(ForkJoinTask.java:289)
	at java.util.concurrent.ForkJoinTask.externalAwaitDone(ForkJoinTask.java:326)
	at java.util.concurrent.ForkJoinTask.doJoin(ForkJoinTask.java:391)
	at java.util.concurrent.ForkJoinTask.join(ForkJoinTask.java:719)
	at java.util.concurrent.ForkJoinPool.invoke(ForkJoinPool.java:2616)
	at edu.coursera.parallel.ReciprocalArraySum.parArraySum(ReciprocalArraySum.java:173)
	at edu.coursera.parallel.ReciprocalArraySumTest.parTestHelper(ReciprocalArraySumTest.java:77)
	at edu.coursera.parallel.ReciprocalArraySumTest.testParSimpleOneHundredMillion(ReciprocalArraySumTest.java:127)
</error>
    <system-err><![CDATA[Exception in thread "ForkJoinPool.commonPool-worker-3" java.lang.NoClassDefFoundError: Could not initialize class java.util.concurrent.locks.AbstractQueuedSynchronizer$Node
	at java.util.concurrent.locks.AbstractQueuedSynchronizer.acquire(AbstractQueuedSynchronizer.java:1198)
	at java.util.concurrent.locks.ReentrantLock$NonfairSync.lock(ReentrantLock.java:209)
	at java.util.concurrent.locks.ReentrantLock.lock(ReentrantLock.java:285)
	at java.util.concurrent.ForkJoinTask.recordExceptionalCompletion(ForkJoinTask.java:464)
	at java.util.concurrent.ForkJoinTask.setExceptionalCompletion(ForkJoinTask.java:491)
	at java.util.concurrent.ForkJoinTask.doExec(ForkJoinTask.java:291)
	at java.util.concurrent.ForkJoinPool$WorkQueue.execLocalTasks(ForkJoinPool.java:1040)
	at java.util.concurrent.ForkJoinPool$WorkQueue.runTask(ForkJoinPool.java:1058)
	at java.util.concurrent.ForkJoinPool.runWorker(ForkJoinPool.java:1692)
	at java.util.concurrent.ForkJoinWorkerThread.run(ForkJoinWorkerThread.java:157)
Exception in thread "ForkJoinPool.commonPool-worker-0" java.lang.NoClassDefFoundError: Could not initialize class java.util.concurrent.locks.AbstractQueuedSynchronizer$Node
	at java.util.concurrent.locks.AbstractQueuedSynchronizer.acquire(AbstractQueuedSynchronizer.java:1198)
	at java.util.concurrent.locks.ReentrantLock$NonfairSync.lock(ReentrantLock.java:209)
	at java.util.concurrent.locks.ReentrantLock.lock(ReentrantLock.java:285)
	at java.util.concurrent.ForkJoinTask.recordExceptionalCompletion(ForkJoinTask.java:464)
	at java.util.concurrent.ForkJoinTask.setExceptionalCompletion(ForkJoinTask.java:491)
	at java.util.concurrent.ForkJoinTask.doExec(ForkJoinTask.java:291)
	at java.util.concurrent.ForkJoinPool$WorkQueue.execLocalTasks(ForkJoinPool.java:1040)
	at java.util.concurrent.ForkJoinPool$WorkQueue.runTask(ForkJoinPool.java:1058)
	at java.util.concurrent.ForkJoinPool.runWorker(ForkJoinPool.java:1692)
	at java.util.concurrent.ForkJoinWorkerThread.run(ForkJoinWorkerThread.java:157)
Exception in thread "ForkJoinPool.commonPool-worker-3" java.lang.NoClassDefFoundError: Could not initialize class java.util.concurrent.locks.AbstractQueuedSynchronizer$Node
	at java.util.concurrent.locks.AbstractQueuedSynchronizer.acquire(AbstractQueuedSynchronizer.java:1198)
	at java.util.concurrent.locks.ReentrantLock$NonfairSync.lock(ReentrantLock.java:209)
	at java.util.concurrent.locks.ReentrantLock.lock(ReentrantLock.java:285)
	at java.util.concurrent.ForkJoinTask.recordExceptionalCompletion(ForkJoinTask.java:464)
	at java.util.concurrent.ForkJoinTask.setExceptionalCompletion(ForkJoinTask.java:491)
	at java.util.concurrent.ForkJoinTask.doExec(ForkJoinTask.java:291)
	at java.util.concurrent.ForkJoinPool$WorkQueue.runTask(ForkJoinPool.java:1056)
	at java.util.concurrent.ForkJoinPool.runWorker(ForkJoinPool.java:1692)
	at java.util.concurrent.ForkJoinWorkerThread.run(ForkJoinWorkerThread.java:157)
Exception in thread "ForkJoinPool.commonPool-worker-1" java.lang.NoClassDefFoundError: Could not initialize class java.util.concurrent.locks.AbstractQueuedSynchronizer$Node
	at java.util.concurrent.locks.AbstractQueuedSynchronizer.acquire(AbstractQueuedSynchronizer.java:1198)
	at java.util.concurrent.locks.ReentrantLock$NonfairSync.lock(ReentrantLock.java:209)
	at java.util.concurrent.locks.ReentrantLock.lock(ReentrantLock.java:285)
	at java.util.concurrent.ForkJoinTask.recordExceptionalCompletion(ForkJoinTask.java:464)
	at java.util.concurrent.ForkJoinTask.setExceptionalCompletion(ForkJoinTask.java:491)
	at java.util.concurrent.ForkJoinTask.doExec(ForkJoinTask.java:291)
	at java.util.concurrent.ForkJoinPool$WorkQueue.execLocalTasks(ForkJoinPool.java:1040)
	at java.util.concurrent.ForkJoinPool$WorkQueue.runTask(ForkJoinPool.java:1058)
	at java.util.concurrent.ForkJoinPool.runWorker(ForkJoinPool.java:1692)
	at java.util.concurrent.ForkJoinWorkerThread.run(ForkJoinWorkerThread.java:157)
Exception in thread "ForkJoinPool.commonPool-worker-2" java.lang.NoClassDefFoundError: Could not initialize class java.util.concurrent.locks.AbstractQueuedSynchronizer$Node
	at java.util.concurrent.locks.AbstractQueuedSynchronizer.acquire(AbstractQueuedSynchronizer.java:1198)
	at java.util.concurrent.locks.ReentrantLock$NonfairSync.lock(ReentrantLock.java:209)
	at java.util.concurrent.locks.ReentrantLock.lock(ReentrantLock.java:285)
	at java.util.concurrent.ForkJoinTask.recordExceptionalCompletion(ForkJoinTask.java:464)
	at java.util.concurrent.ForkJoinTask.setExceptionalCompletion(ForkJoinTask.java:491)
	at java.util.concurrent.ForkJoinTask.doExec(ForkJoinTask.java:291)
	at java.util.concurrent.ForkJoinPool$WorkQueue.runTask(ForkJoinPool.java:1056)
	at java.util.concurrent.ForkJoinPool.runWorker(ForkJoinPool.java:1692)
	at java.util.concurrent.ForkJoinWorkerThread.run(ForkJoinWorkerThread.java:157)
Exception in thread "ForkJoinPool.commonPool-worker-3" java.lang.NoClassDefFoundError: Could not initialize class java.util.concurrent.locks.AbstractQueuedSynchronizer$Node
	at java.util.concurrent.locks.AbstractQueuedSynchronizer.acquire(AbstractQueuedSynchronizer.java:1198)
	at java.util.concurrent.locks.ReentrantLock$NonfairSync.lock(ReentrantLock.java:209)
	at java.util.concurrent.locks.ReentrantLock.lock(ReentrantLock.java:285)
	at java.util.concurrent.ForkJoinTask.recordExceptionalCompletion(ForkJoinTask.java:464)
	at java.util.concurrent.ForkJoinTask.setExceptionalCompletion(ForkJoinTask.java:491)
	at java.util.concurrent.ForkJoinTask.doExec(ForkJoinTask.java:291)
	at java.util.concurrent.ForkJoinPool$WorkQueue.execLocalTasks(ForkJoinPool.java:1040)
	at java.util.concurrent.ForkJoinPool$WorkQueue.runTask(ForkJoinPool.java:1058)
	at java.util.concurrent.ForkJoinPool.runWorker(ForkJoinPool.java:1692)
	at java.util.concurrent.ForkJoinWorkerThread.run(ForkJoinWorkerThread.java:157)
Exception in thread "ForkJoinPool.commonPool-worker-1" java.lang.NoClassDefFoundError: Could not initialize class java.util.concurrent.locks.AbstractQueuedSynchronizer$Node
	at java.util.concurrent.locks.AbstractQueuedSynchronizer.acquire(AbstractQueuedSynchronizer.java:1198)
	at java.util.concurrent.locks.ReentrantLock$NonfairSync.lock(ReentrantLock.java:209)
	at java.util.concurrent.locks.ReentrantLock.lock(ReentrantLock.java:285)
	at java.util.concurrent.ForkJoinTask.recordExceptionalCompletion(ForkJoinTask.java:464)
	at java.util.concurrent.ForkJoinTask.setExceptionalCompletion(ForkJoinTask.java:491)
	at java.util.concurrent.ForkJoinTask.doExec(ForkJoinTask.java:291)
	at java.util.concurrent.ForkJoinPool$WorkQueue.runTask(ForkJoinPool.java:1056)
	at java.util.concurrent.ForkJoinPool.runWorker(ForkJoinPool.java:1692)
	at java.util.concurrent.ForkJoinWorkerThread.run(ForkJoinWorkerThread.java:157)
]]></system-err>
  </testcase>
  <testcase name="testParManyTaskOneMillion" classname="edu.coursera.parallel.ReciprocalArraySumTest" time="0.052">
    <error message="Could not initialize class java.util.concurrent.locks.AbstractQueuedSynchronizer$Node" type="java.lang.NoClassDefFoundError">java.lang.NoClassDefFoundError: Could not initialize class java.util.concurrent.locks.AbstractQueuedSynchronizer$Node
	at java.util.concurrent.locks.AbstractQueuedSynchronizer.acquire(AbstractQueuedSynchronizer.java:1198)
	at java.util.concurrent.locks.ReentrantLock$NonfairSync.lock(ReentrantLock.java:209)
	at java.util.concurrent.locks.ReentrantLock.lock(ReentrantLock.java:285)
	at java.util.concurrent.ForkJoinTask.recordExceptionalCompletion(ForkJoinTask.java:464)
	at java.util.concurrent.ForkJoinTask.setExceptionalCompletion(ForkJoinTask.java:491)
	at java.util.concurrent.ForkJoinTask.doExec(ForkJoinTask.java:291)
	at java.util.concurrent.ForkJoinTask.externalAwaitDone(ForkJoinTask.java:326)
	at java.util.concurrent.ForkJoinTask.doJoin(ForkJoinTask.java:391)
	at java.util.concurrent.ForkJoinTask.join(ForkJoinTask.java:719)
	at java.util.concurrent.ForkJoinPool.invoke(ForkJoinPool.java:2616)
	at edu.coursera.parallel.ReciprocalArraySum.parManyTaskArraySum(ReciprocalArraySum.java:203)
	at edu.coursera.parallel.ReciprocalArraySumTest.parTestHelper(ReciprocalArraySumTest.java:74)
	at edu.coursera.parallel.ReciprocalArraySumTest.testParManyTaskOneMillion(ReciprocalArraySumTest.java:140)
</error>
  </testcase>
  <testcase name="testParManyTaskOneHundredMillion" classname="edu.coursera.parallel.ReciprocalArraySumTest" time="2.863">
    <error message="Could not initialize class java.util.concurrent.locks.AbstractQueuedSynchronizer$Node" type="java.lang.NoClassDefFoundError">java.lang.NoClassDefFoundError: Could not initialize class java.util.concurrent.locks.AbstractQueuedSynchronizer$Node
	at java.util.concurrent.locks.AbstractQueuedSynchronizer.acquire(AbstractQueuedSynchronizer.java:1198)
	at java.util.concurrent.locks.ReentrantLock$NonfairSync.lock(ReentrantLock.java:209)
	at java.util.concurrent.locks.ReentrantLock.lock(ReentrantLock.java:285)
	at java.util.concurrent.ForkJoinTask.recordExceptionalCompletion(ForkJoinTask.java:464)
	at java.util.concurrent.ForkJoinTask.setExceptionalCompletion(ForkJoinTask.java:491)
	at java.util.concurrent.ForkJoinTask.doExec(ForkJoinTask.java:291)
	at java.util.concurrent.ForkJoinTask.externalAwaitDone(ForkJoinTask.java:326)
	at java.util.concurrent.ForkJoinTask.doJoin(ForkJoinTask.java:391)
	at java.util.concurrent.ForkJoinTask.join(ForkJoinTask.java:719)
	at java.util.concurrent.ForkJoinPool.invoke(ForkJoinPool.java:2616)
	at edu.coursera.parallel.ReciprocalArraySum.parManyTaskArraySum(ReciprocalArraySum.java:203)
	at edu.coursera.parallel.ReciprocalArraySumTest.parTestHelper(ReciprocalArraySumTest.java:74)
	at edu.coursera.parallel.ReciprocalArraySumTest.testParManyTaskOneHundredMillion(ReciprocalArraySumTest.java:151)
</error>
    <system-err><![CDATA[Exception in thread "ForkJoinPool.commonPool-worker-3" java.lang.NoClassDefFoundError: Could not initialize class java.util.concurrent.locks.AbstractQueuedSynchronizer$Node
	at java.util.concurrent.locks.AbstractQueuedSynchronizer.acquire(AbstractQueuedSynchronizer.java:1198)
	at java.util.concurrent.locks.ReentrantLock$NonfairSync.lock(ReentrantLock.java:209)
	at java.util.concurrent.locks.ReentrantLock.lock(ReentrantLock.java:285)
	at java.util.concurrent.ForkJoinTask.recordExceptionalCompletion(ForkJoinTask.java:464)
	at java.util.concurrent.ForkJoinTask.setExceptionalCompletion(ForkJoinTask.java:491)
	at java.util.concurrent.ForkJoinTask.doExec(ForkJoinTask.java:291)
	at java.util.concurrent.ForkJoinPool$WorkQueue.execLocalTasks(ForkJoinPool.java:1040)
	at java.util.concurrent.ForkJoinPool$WorkQueue.runTask(ForkJoinPool.java:1058)
	at java.util.concurrent.ForkJoinPool.runWorker(ForkJoinPool.java:1692)
	at java.util.concurrent.ForkJoinWorkerThread.run(ForkJoinWorkerThread.java:157)
Exception in thread "ForkJoinPool.commonPool-worker-0" java.lang.NoClassDefFoundError: Could not initialize class java.util.concurrent.locks.AbstractQueuedSynchronizer$Node
	at java.util.concurrent.locks.AbstractQueuedSynchronizer.acquire(AbstractQueuedSynchronizer.java:1198)
	at java.util.concurrent.locks.ReentrantLock$NonfairSync.lock(ReentrantLock.java:209)
	at java.util.concurrent.locks.ReentrantLock.lock(ReentrantLock.java:285)
	at java.util.concurrent.ForkJoinTask.recordExceptionalCompletion(ForkJoinTask.java:464)
	at java.util.concurrent.ForkJoinTask.setExceptionalCompletion(ForkJoinTask.java:491)
	at java.util.concurrent.ForkJoinTask.doExec(ForkJoinTask.java:291)
	at java.util.concurrent.ForkJoinPool$WorkQueue.execLocalTasks(ForkJoinPool.java:1040)
	at java.util.concurrent.ForkJoinPool$WorkQueue.runTask(ForkJoinPool.java:1058)
	at java.util.concurrent.ForkJoinPool.runWorker(ForkJoinPool.java:1692)
	at java.util.concurrent.ForkJoinWorkerThread.run(ForkJoinWorkerThread.java:157)
Exception in thread "ForkJoinPool.commonPool-worker-3" java.lang.NoClassDefFoundError: Could not initialize class java.util.concurrent.locks.AbstractQueuedSynchronizer$Node
	at java.util.concurrent.locks.AbstractQueuedSynchronizer.acquire(AbstractQueuedSynchronizer.java:1198)
	at java.util.concurrent.locks.ReentrantLock$NonfairSync.lock(ReentrantLock.java:209)
	at java.util.concurrent.locks.ReentrantLock.lock(ReentrantLock.java:285)
	at java.util.concurrent.ForkJoinTask.recordExceptionalCompletion(ForkJoinTask.java:464)
	at java.util.concurrent.ForkJoinTask.setExceptionalCompletion(ForkJoinTask.java:491)
	at java.util.concurrent.ForkJoinTask.doExec(ForkJoinTask.java:291)
	at java.util.concurrent.ForkJoinPool$WorkQueue.runTask(ForkJoinPool.java:1056)
	at java.util.concurrent.ForkJoinPool.runWorker(ForkJoinPool.java:1692)
	at java.util.concurrent.ForkJoinWorkerThread.run(ForkJoinWorkerThread.java:157)
Exception in thread "ForkJoinPool.commonPool-worker-1" java.lang.NoClassDefFoundError: Could not initialize class java.util.concurrent.locks.AbstractQueuedSynchronizer$Node
	at java.util.concurrent.locks.AbstractQueuedSynchronizer.acquire(AbstractQueuedSynchronizer.java:1198)
	at java.util.concurrent.locks.ReentrantLock$NonfairSync.lock(ReentrantLock.java:209)
	at java.util.concurrent.locks.ReentrantLock.lock(ReentrantLock.java:285)
	at java.util.concurrent.ForkJoinTask.recordExceptionalCompletion(ForkJoinTask.java:464)
	at java.util.concurrent.ForkJoinTask.setExceptionalCompletion(ForkJoinTask.java:491)
	at java.util.concurrent.ForkJoinTask.doExec(ForkJoinTask.java:291)
	at java.util.concurrent.ForkJoinPool$WorkQueue.runTask(ForkJoinPool.java:1056)
	at java.util.concurrent.ForkJoinPool.runWorker(ForkJoinPool.java:1692)
	at java.util.concurrent.ForkJoinWorkerThread.run(ForkJoinWorkerThread.java:157)
Exception in thread "ForkJoinPool.commonPool-worker-2" java.lang.NoClassDefFoundError: Could not initialize class java.util.concurrent.locks.AbstractQueuedSynchronizer$Node
	at java.util.concurrent.locks.AbstractQueuedSynchronizer.acquire(AbstractQueuedSynchronizer.java:1198)
	at java.util.concurrent.locks.ReentrantLock$NonfairSync.lock(ReentrantLock.java:209)
	at java.util.concurrent.locks.ReentrantLock.lock(ReentrantLock.java:285)
	at java.util.concurrent.ForkJoinTask.recordExceptionalCompletion(ForkJoinTask.java:464)
	at java.util.concurrent.ForkJoinTask.setExceptionalCompletion(ForkJoinTask.java:491)
	at java.util.concurrent.ForkJoinTask.doExec(ForkJoinTask.java:291)
	at java.util.concurrent.ForkJoinPool$WorkQueue.execLocalTasks(ForkJoinPool.java:1040)
	at java.util.concurrent.ForkJoinPool$WorkQueue.runTask(ForkJoinPool.java:1058)
	at java.util.concurrent.ForkJoinPool.runWorker(ForkJoinPool.java:1692)
	at java.util.concurrent.ForkJoinWorkerThread.run(ForkJoinWorkerThread.java:157)
Exception in thread "ForkJoinPool.commonPool-worker-2" java.lang.NoClassDefFoundError: Could not initialize class java.util.concurrent.locks.AbstractQueuedSynchronizer$Node
	at java.util.concurrent.locks.AbstractQueuedSynchronizer.acquire(AbstractQueuedSynchronizer.java:1198)
	at java.util.concurrent.locks.ReentrantLock$NonfairSync.lock(ReentrantLock.java:209)
	at java.util.concurrent.locks.ReentrantLock.lock(ReentrantLock.java:285)
	at java.util.concurrent.ForkJoinTask.recordExceptionalCompletion(ForkJoinTask.java:464)
	at java.util.concurrent.ForkJoinTask.setExceptionalCompletion(ForkJoinTask.java:491)
	at java.util.concurrent.ForkJoinTask.doExec(ForkJoinTask.java:291)
	at java.util.concurrent.ForkJoinPool$WorkQueue.execLocalTasks(ForkJoinPool.java:1040)
	at java.util.concurrent.ForkJoinPool$WorkQueue.runTask(ForkJoinPool.java:1058)
	at java.util.concurrent.ForkJoinPool.runWorker(ForkJoinPool.java:1692)
	at java.util.concurrent.ForkJoinWorkerThread.run(ForkJoinWorkerThread.java:157)
Exception in thread "ForkJoinPool.commonPool-worker-3" java.lang.NoClassDefFoundError: Could not initialize class java.util.concurrent.locks.AbstractQueuedSynchronizer$Node
	at java.util.concurrent.locks.AbstractQueuedSynchronizer.acquire(AbstractQueuedSynchronizer.java:1198)
	at java.util.concurrent.locks.ReentrantLock$NonfairSync.lock(ReentrantLock.java:209)
	at java.util.concurrent.locks.ReentrantLock.lock(ReentrantLock.java:285)
	at java.util.concurrent.ForkJoinTask.recordExceptionalCompletion(ForkJoinTask.java:464)
	at java.util.concurrent.ForkJoinTask.setExceptionalCompletion(ForkJoinTask.java:491)
	at java.util.concurrent.ForkJoinTask.doExec(ForkJoinTask.java:291)
	at java.util.concurrent.ForkJoinPool$WorkQueue.execLocalTasks(ForkJoinPool.java:1040)
	at java.util.concurrent.ForkJoinPool$WorkQueue.runTask(ForkJoinPool.java:1058)
	at java.util.concurrent.ForkJoinPool.runWorker(ForkJoinPool.java:1692)
	at java.util.concurrent.ForkJoinWorkerThread.run(ForkJoinWorkerThread.java:157)
Exception in thread "ForkJoinPool.commonPool-worker-1" java.lang.NoClassDefFoundError: Could not initialize class java.util.concurrent.locks.AbstractQueuedSynchronizer$Node
	at java.util.concurrent.locks.AbstractQueuedSynchronizer.acquire(AbstractQueuedSynchronizer.java:1198)
	at java.util.concurrent.locks.ReentrantLock$NonfairSync.lock(ReentrantLock.java:209)
	at java.util.concurrent.locks.ReentrantLock.lock(ReentrantLock.java:285)
	at java.util.concurrent.ForkJoinTask.recordExceptionalCompletion(ForkJoinTask.java:464)
	at java.util.concurrent.ForkJoinTask.setExceptionalCompletion(ForkJoinTask.java:491)
	at java.util.concurrent.ForkJoinTask.doExec(ForkJoinTask.java:291)
	at java.util.concurrent.ForkJoinPool$WorkQueue.runTask(ForkJoinPool.java:1056)
	at java.util.concurrent.ForkJoinPool.runWorker(ForkJoinPool.java:1692)
	at java.util.concurrent.ForkJoinWorkerThread.run(ForkJoinWorkerThread.java:157)
Exception in thread "ForkJoinPool.commonPool-worker-2" java.lang.NoClassDefFoundError: Could not initialize class java.util.concurrent.locks.AbstractQueuedSynchronizer$Node
	at java.util.concurrent.locks.AbstractQueuedSynchronizer.acquire(AbstractQueuedSynchronizer.java:1198)
	at java.util.concurrent.locks.ReentrantLock$NonfairSync.lock(ReentrantLock.java:209)
	at java.util.concurrent.locks.ReentrantLock.lock(ReentrantLock.java:285)
	at java.util.concurrent.ForkJoinTask.recordExceptionalCompletion(ForkJoinTask.java:464)
	at java.util.concurrent.ForkJoinTask.setExceptionalCompletion(ForkJoinTask.java:491)
	at java.util.concurrent.ForkJoinTask.doExec(ForkJoinTask.java:291)
	at java.util.concurrent.ForkJoinPool$WorkQueue.runTask(ForkJoinPool.java:1056)
	at java.util.concurrent.ForkJoinPool.runWorker(ForkJoinPool.java:1692)
	at java.util.concurrent.ForkJoinWorkerThread.run(ForkJoinWorkerThread.java:157)
Exception in thread "ForkJoinPool.commonPool-worker-0" java.lang.NoClassDefFoundError: Could not initialize class java.util.concurrent.locks.AbstractQueuedSynchronizer$Node
	at java.util.concurrent.locks.AbstractQueuedSynchronizer.acquire(AbstractQueuedSynchronizer.java:1198)
	at java.util.concurrent.locks.ReentrantLock$NonfairSync.lock(ReentrantLock.java:209)
	at java.util.concurrent.locks.ReentrantLock.lock(ReentrantLock.java:285)
	at java.util.concurrent.ForkJoinTask.recordExceptionalCompletion(ForkJoinTask.java:464)
	at java.util.concurrent.ForkJoinTask.setExceptionalCompletion(ForkJoinTask.java:491)
	at java.util.concurrent.ForkJoinTask.doExec(ForkJoinTask.java:291)
	at java.util.concurrent.ForkJoinPool$WorkQueue.execLocalTasks(ForkJoinPool.java:1040)
	at java.util.concurrent.ForkJoinPool$WorkQueue.runTask(ForkJoinPool.java:1058)
	at java.util.concurrent.ForkJoinPool.runWorker(ForkJoinPool.java:1692)
	at java.util.concurrent.ForkJoinWorkerThread.run(ForkJoinWorkerThread.java:157)
Exception in thread "ForkJoinPool.commonPool-worker-3" java.lang.NoClassDefFoundError: Could not initialize class java.util.concurrent.locks.AbstractQueuedSynchronizer$Node
	at java.util.concurrent.locks.AbstractQueuedSynchronizer.acquire(AbstractQueuedSynchronizer.java:1198)
	at java.util.concurrent.locks.ReentrantLock$NonfairSync.lock(ReentrantLock.java:209)
	at java.util.concurrent.locks.ReentrantLock.lock(ReentrantLock.java:285)
	at java.util.concurrent.ForkJoinTask.recordExceptionalCompletion(ForkJoinTask.java:464)
	at java.util.concurrent.ForkJoinTask.setExceptionalCompletion(ForkJoinTask.java:491)
	at java.util.concurrent.ForkJoinTask.doExec(ForkJoinTask.java:291)
	at java.util.concurrent.ForkJoinPool$WorkQueue.runTask(ForkJoinPool.java:1056)
	at java.util.concurrent.ForkJoinPool.runWorker(ForkJoinPool.java:1692)
	at java.util.concurrent.ForkJoinWorkerThread.run(ForkJoinWorkerThread.java:157)
Exception in thread "ForkJoinPool.commonPool-worker-2" java.lang.NoClassDefFoundError: Could not initialize class java.util.concurrent.locks.AbstractQueuedSynchronizer$Node
	at java.util.concurrent.locks.AbstractQueuedSynchronizer.acquire(AbstractQueuedSynchronizer.java:1198)
	at java.util.concurrent.locks.ReentrantLock$NonfairSync.lock(ReentrantLock.java:209)
	at java.util.concurrent.locks.ReentrantLock.lock(ReentrantLock.java:285)
	at java.util.concurrent.ForkJoinTask.recordExceptionalCompletion(ForkJoinTask.java:464)
	at java.util.concurrent.ForkJoinTask.setExceptionalCompletion(ForkJoinTask.java:491)
	at java.util.concurrent.ForkJoinTask.doExec(ForkJoinTask.java:291)
	at java.util.concurrent.ForkJoinPool$WorkQueue.runTask(ForkJoinPool.java:1056)
	at java.util.concurrent.ForkJoinPool.runWorker(ForkJoinPool.java:1692)
	at java.util.concurrent.ForkJoinWorkerThread.run(ForkJoinWorkerThread.java:157)
Exception in thread "ForkJoinPool.commonPool-worker-1" java.lang.NoClassDefFoundError: Could not initialize class java.util.concurrent.locks.AbstractQueuedSynchronizer$Node
	at java.util.concurrent.locks.AbstractQueuedSynchronizer.acquire(AbstractQueuedSynchronizer.java:1198)
	at java.util.concurrent.locks.ReentrantLock$NonfairSync.lock(ReentrantLock.java:209)
	at java.util.concurrent.locks.ReentrantLock.lock(ReentrantLock.java:285)
	at java.util.concurrent.ForkJoinTask.recordExceptionalCompletion(ForkJoinTask.java:464)
	at java.util.concurrent.ForkJoinTask.setExceptionalCompletion(ForkJoinTask.java:491)
	at java.util.concurrent.ForkJoinTask.doExec(ForkJoinTask.java:291)
	at java.util.concurrent.ForkJoinPool$WorkQueue.runTask(ForkJoinPool.java:1056)
	at java.util.concurrent.ForkJoinPool.runWorker(ForkJoinPool.java:1692)
	at java.util.concurrent.ForkJoinWorkerThread.run(ForkJoinWorkerThread.java:157)
Exception in thread "ForkJoinPool.commonPool-worker-3" java.lang.NoClassDefFoundError: Could not initialize class java.util.concurrent.locks.AbstractQueuedSynchronizer$Node
	at java.util.concurrent.locks.AbstractQueuedSynchronizer.acquire(AbstractQueuedSynchronizer.java:1198)
	at java.util.concurrent.locks.ReentrantLock$NonfairSync.lock(ReentrantLock.java:209)
	at java.util.concurrent.locks.ReentrantLock.lock(ReentrantLock.java:285)
	at java.util.concurrent.ForkJoinTask.recordExceptionalCompletion(ForkJoinTask.java:464)
	at java.util.concurrent.ForkJoinTask.setExceptionalCompletion(ForkJoinTask.java:491)
	at java.util.concurrent.ForkJoinTask.doExec(ForkJoinTask.java:291)
	at java.util.concurrent.ForkJoinPool$WorkQueue.runTask(ForkJoinPool.java:1056)
	at java.util.concurrent.ForkJoinPool.runWorker(ForkJoinPool.java:1692)
	at java.util.concurrent.ForkJoinWorkerThread.run(ForkJoinWorkerThread.java:157)
Exception in thread "ForkJoinPool.commonPool-worker-0" java.lang.NoClassDefFoundError: Could not initialize class java.util.concurrent.locks.AbstractQueuedSynchronizer$Node
	at java.util.concurrent.locks.AbstractQueuedSynchronizer.acquire(AbstractQueuedSynchronizer.java:1198)
	at java.util.concurrent.locks.ReentrantLock$NonfairSync.lock(ReentrantLock.java:209)
	at java.util.concurrent.locks.ReentrantLock.lock(ReentrantLock.java:285)
	at java.util.concurrent.ForkJoinTask.recordExceptionalCompletion(ForkJoinTask.java:464)
	at java.util.concurrent.ForkJoinTask.setExceptionalCompletion(ForkJoinTask.java:491)
	at java.util.concurrent.ForkJoinTask.doExec(ForkJoinTask.java:291)
	at java.util.concurrent.ForkJoinPool$WorkQueue.execLocalTasks(ForkJoinPool.java:1040)
	at java.util.concurrent.ForkJoinPool$WorkQueue.runTask(ForkJoinPool.java:1058)
	at java.util.concurrent.ForkJoinPool.runWorker(ForkJoinPool.java:1692)
	at java.util.concurrent.ForkJoinWorkerThread.run(ForkJoinWorkerThread.java:157)
Exception in thread "ForkJoinPool.commonPool-worker-1" java.lang.NoClassDefFoundError: Could not initialize class java.util.concurrent.locks.AbstractQueuedSynchronizer$Node
	at java.util.concurrent.locks.AbstractQueuedSynchronizer.acquire(AbstractQueuedSynchronizer.java:1198)
	at java.util.concurrent.locks.ReentrantLock$NonfairSync.lock(ReentrantLock.java:209)
	at java.util.concurrent.locks.ReentrantLock.lock(ReentrantLock.java:285)
	at java.util.concurrent.ForkJoinTask.recordExceptionalCompletion(ForkJoinTask.java:464)
	at java.util.concurrent.ForkJoinTask.setExceptionalCompletion(ForkJoinTask.java:491)
	at java.util.concurrent.ForkJoinTask.doExec(ForkJoinTask.java:291)
	at java.util.concurrent.ForkJoinPool$WorkQueue.runTask(ForkJoinPool.java:1056)
	at java.util.concurrent.ForkJoinPool.runWorker(ForkJoinPool.java:1692)
	at java.util.concurrent.ForkJoinWorkerThread.run(ForkJoinWorkerThread.java:157)
]]></system-err>
  </testcase>
</testsuite>